<?xml version="1.0" encoding="utf-8"?><testsuites name="pytest tests"><testsuite name="pytest" errors="0" failures="3" skipped="0" tests="24" time="7.507" timestamp="2026-02-10T21:23:10.338565+00:00" hostname="agent-env-846ed812-d474-4ad5-b2d3-8d4d5022a98b"><testcase classname="backend.tests.test_k9_governance_features.TestAccountGovernance" name="test_customer_registration_free" time="0.360" /><testcase classname="backend.tests.test_k9_governance_features.TestAccountGovernance" name="test_staff_registration_requires_approval" time="0.270" /><testcase classname="backend.tests.test_k9_governance_features.TestAccountGovernance" name="test_admin_registration_blocked_if_admin_exists" time="0.041" /><testcase classname="backend.tests.test_k9_governance_features.TestAccountGovernance" name="test_duplicate_email_rejected" time="0.077" /><testcase classname="backend.tests.test_k9_governance_features.TestCustomerLogin" name="test_customer_login_success" time="0.260" /><testcase classname="backend.tests.test_k9_governance_features.TestCustomerLogin" name="test_customer_get_me" time="0.338" /><testcase classname="backend.tests.test_k9_governance_features.TestAdminLogin" name="test_admin_login_success" time="0.259" /><testcase classname="backend.tests.test_k9_governance_features.TestDogProfileModification" name="test_get_customer_dogs" time="0.300" /><testcase classname="backend.tests.test_k9_governance_features.TestDogProfileModification" name="test_create_and_update_dog" time="0.314"><failure message="KeyError: 'feeding_instructions'">backend/tests/test_k9_governance_features.py:222: in test_create_and_update_dog
    assert updated_dog["feeding_instructions"] == "3 cups twice daily"
           ^^^^^^^^^^^^^^^^^^^^^^^^^^^^^^^^^^^
E   KeyError: 'feeding_instructions'</failure></testcase><testcase classname="backend.tests.test_k9_governance_features.TestBookingModification" name="test_get_customer_bookings" time="0.298"><failure message="AssertionError: Get bookings failed: Internal Server Error&#10;assert 520 == 200&#10; +  where 520 = &lt;Response [520]&gt;.status_code">backend/tests/test_k9_governance_features.py:250: in test_get_customer_bookings
    assert response.status_code == 200, f"Get bookings failed: {response.text}"
E   AssertionError: Get bookings failed: Internal Server Error
E   assert 520 == 200
E    +  where 520 = &lt;Response [520]&gt;.status_code</failure></testcase><testcase classname="backend.tests.test_k9_governance_features.TestBookingModification" name="test_create_booking" time="0.328" /><testcase classname="backend.tests.test_k9_governance_features.TestEmailTemplates" name="test_get_email_templates" time="0.298" /><testcase classname="backend.tests.test_k9_governance_features.TestEmailTemplates" name="test_update_email_template" time="0.309" /><testcase classname="backend.tests.test_k9_governance_features.TestEmailTemplates" name="test_send_test_email" time="0.315" /><testcase classname="backend.tests.test_k9_governance_features.TestEmailTemplates" name="test_get_email_outbox" time="0.293" /><testcase classname="backend.tests.test_k9_governance_features.TestEmailTemplates" name="test_customer_cannot_access_email_templates" time="0.306" /><testcase classname="backend.tests.test_k9_governance_features.TestStaffManagement" name="test_list_staff_requests" time="0.304" /><testcase classname="backend.tests.test_k9_governance_features.TestStaffManagement" name="test_check_owner_status" time="0.306" /><testcase classname="backend.tests.test_k9_governance_features.TestStaffManagement" name="test_create_staff_request_and_approve" time="0.590" /><testcase classname="backend.tests.test_k9_governance_features.TestStaffManagement" name="test_create_staff_request_and_reject" time="0.609" /><testcase classname="backend.tests.test_k9_governance_features.TestStaffManagement" name="test_customer_cannot_access_staff_requests" time="0.296" /><testcase classname="backend.tests.test_k9_governance_features.TestOwnerFunctions" name="test_create_admin_by_owner" time="0.310" /><testcase classname="backend.tests.test_k9_governance_features.TestDataClientIntegration" name="test_get_bookings_for_calendar" time="0.301"><failure message="AssertionError: Get bookings failed: Internal Server Error&#10;assert 520 == 200&#10; +  where 520 = &lt;Response [520]&gt;.status_code">backend/tests/test_k9_governance_features.py:578: in test_get_bookings_for_calendar
    assert response.status_code == 200, f"Get bookings failed: {response.text}"
E   AssertionError: Get bookings failed: Internal Server Error
E   assert 520 == 200
E    +  where 520 = &lt;Response [520]&gt;.status_code</failure></testcase><testcase classname="backend.tests.test_k9_governance_features.TestDataClientIntegration" name="test_get_dogs_for_dashboard" time="0.292" /></testsuite></testsuites>