<?xml version="1.0" encoding="utf-8"?><testsuites name="pytest tests"><testsuite name="pytest" errors="0" failures="2" skipped="2" tests="30" time="2.614" timestamp="2026-02-10T13:26:53.567103+00:00" hostname="agent-env-61acaf77-01bc-49e9-8385-303a9d769b33"><testcase classname="backend.tests.test_phase3_forms_tasks_hr.TestAuthentication" name="test_admin_login" time="0.309" /><testcase classname="backend.tests.test_phase3_forms_tasks_hr.TestAuthentication" name="test_staff_login" time="0.259" /><testcase classname="backend.tests.test_phase3_forms_tasks_hr.TestFormTemplates" name="test_list_form_templates" time="0.302" /><testcase classname="backend.tests.test_phase3_forms_tasks_hr.TestFormTemplates" name="test_create_form_template" time="0.043" /><testcase classname="backend.tests.test_phase3_forms_tasks_hr.TestFormTemplates" name="test_get_form_template" time="0.038" /><testcase classname="backend.tests.test_phase3_forms_tasks_hr.TestFormTemplates" name="test_update_form_template" time="0.039" /><testcase classname="backend.tests.test_phase3_forms_tasks_hr.TestFormTemplates" name="test_staff_can_list_templates" time="0.335" /><testcase classname="backend.tests.test_phase3_forms_tasks_hr.TestFormTemplates" name="test_staff_cannot_create_template" time="0.037" /><testcase classname="backend.tests.test_phase3_forms_tasks_hr.TestFormSubmissions" name="test_create_form_submission_draft" time="0.042" /><testcase classname="backend.tests.test_phase3_forms_tasks_hr.TestFormSubmissions" name="test_list_form_submissions" time="0.049" /><testcase classname="backend.tests.test_phase3_forms_tasks_hr.TestFormSubmissions" name="test_get_form_submission" time="0.034" /><testcase classname="backend.tests.test_phase3_forms_tasks_hr.TestFormSubmissions" name="test_update_form_submission" time="0.036" /><testcase classname="backend.tests.test_phase3_forms_tasks_hr.TestFormSubmissions" name="test_admin_review_submission" time="0.075" /><testcase classname="backend.tests.test_phase3_forms_tasks_hr.TestTasks" name="test_list_tasks" time="0.036" /><testcase classname="backend.tests.test_phase3_forms_tasks_hr.TestTasks" name="test_create_task" time="0.035"><failure message="AssertionError: Create task failed: {&quot;detail&quot;:[{&quot;type&quot;:&quot;missing&quot;,&quot;loc&quot;:[&quot;body&quot;,&quot;location_id&quot;],&quot;msg&quot;:&quot;Field required&quot;,&quot;input&quot;:{&quot;title&quot;:&quot;TEST_Clean Kennel A&quot;,&quot;description&quot;:&quot;Deep clean kennel A before new arrivals&quot;,&quot;priority&quot;:&quot;high&quot;,&quot;status&quot;:&quot;pending&quot;,&quot;due_date&quot;:&quot;2026-02-11T13:26:55.279964&quot;},&quot;url&quot;:&quot;https://errors.pydantic.dev/2.12/v/missing&quot;}]}&#10;assert 422 == 200&#10; +  where 422 = &lt;Response [422]&gt;.status_code">backend/tests/test_phase3_forms_tasks_hr.py:319: in test_create_task
    assert response.status_code == 200, f"Create task failed: {response.text}"
E   AssertionError: Create task failed: {"detail":[{"type":"missing","loc":["body","location_id"],"msg":"Field required","input":{"title":"TEST_Clean Kennel A","description":"Deep clean kennel A before new arrivals","priority":"high","status":"pending","due_date":"2026-02-11T13:26:55.279964"},"url":"https://errors.pydantic.dev/2.12/v/missing"}]}
E   assert 422 == 200
E    +  where 422 = &lt;Response [422]&gt;.status_code</failure></testcase><testcase classname="backend.tests.test_phase3_forms_tasks_hr.TestTasks" name="test_get_task" time="0.000"><skipped type="pytest.skip" message="No task created">/app/backend/tests/test_phase3_forms_tasks_hr.py:329: No task created</skipped></testcase><testcase classname="backend.tests.test_phase3_forms_tasks_hr.TestTasks" name="test_update_task_status" time="0.000"><skipped type="pytest.skip" message="No task created">/app/backend/tests/test_phase3_forms_tasks_hr.py:340: No task created</skipped></testcase><testcase classname="backend.tests.test_phase3_forms_tasks_hr.TestTasks" name="test_staff_can_list_tasks" time="0.034" /><testcase classname="backend.tests.test_phase3_forms_tasks_hr.TestTasks" name="test_staff_can_create_task" time="0.035"><failure message="AssertionError: Staff create task failed: {&quot;detail&quot;:[{&quot;type&quot;:&quot;missing&quot;,&quot;loc&quot;:[&quot;body&quot;,&quot;location_id&quot;],&quot;msg&quot;:&quot;Field required&quot;,&quot;input&quot;:{&quot;title&quot;:&quot;TEST_Staff Task&quot;,&quot;description&quot;:&quot;Task created by staff&quot;,&quot;priority&quot;:&quot;medium&quot;,&quot;status&quot;:&quot;pending&quot;},&quot;url&quot;:&quot;https://errors.pydantic.dev/2.12/v/missing&quot;}]}&#10;assert 422 == 200&#10; +  where 422 = &lt;Response [422]&gt;.status_code">backend/tests/test_phase3_forms_tasks_hr.py:368: in test_staff_can_create_task
    assert response.status_code == 200, f"Staff create task failed: {response.text}"
E   AssertionError: Staff create task failed: {"detail":[{"type":"missing","loc":["body","location_id"],"msg":"Field required","input":{"title":"TEST_Staff Task","description":"Task created by staff","priority":"medium","status":"pending"},"url":"https://errors.pydantic.dev/2.12/v/missing"}]}
E   assert 422 == 200
E    +  where 422 = &lt;Response [422]&gt;.status_code</failure></testcase><testcase classname="backend.tests.test_phase3_forms_tasks_hr.TestTaskTemplates" name="test_list_task_templates" time="0.042" /><testcase classname="backend.tests.test_phase3_forms_tasks_hr.TestTaskTemplates" name="test_create_task_template" time="0.037" /><testcase classname="backend.tests.test_phase3_forms_tasks_hr.TestHRPolicies" name="test_list_policies" time="0.076" /><testcase classname="backend.tests.test_phase3_forms_tasks_hr.TestHRPolicies" name="test_create_policy" time="0.033" /><testcase classname="backend.tests.test_phase3_forms_tasks_hr.TestHRRequests" name="test_list_requests" time="0.071" /><testcase classname="backend.tests.test_phase3_forms_tasks_hr.TestHRRequests" name="test_create_request" time="0.330" /><testcase classname="backend.tests.test_phase3_forms_tasks_hr.TestHRRequests" name="test_staff_list_own_requests" time="0.033" /><testcase classname="backend.tests.test_phase3_forms_tasks_hr.TestAnalytics" name="test_form_submission_analytics" time="0.038" /><testcase classname="backend.tests.test_phase3_forms_tasks_hr.TestAnalytics" name="test_task_analytics" time="0.037" /><testcase classname="backend.tests.test_phase3_forms_tasks_hr.TestAnalytics" name="test_staff_cannot_access_analytics" time="0.033" /><testcase classname="backend.tests.test_phase3_forms_tasks_hr.TestCleanup" name="test_delete_form_template" time="0.034" /></testsuite></testsuites>