<?xml version="1.0" encoding="utf-8"?><testsuites name="pytest tests"><testsuite name="pytest" errors="0" failures="3" skipped="3" tests="13" time="1.276" timestamp="2026-02-10T18:04:31.522880+00:00" hostname="agent-env-4ca3e64f-654d-41f9-89de-d700889e51d8"><testcase classname="backend.tests.test_moego_phase3_payments_portal.TestPaymentConfig" name="test_get_payment_config_returns_mock_mode" time="0.343" /><testcase classname="backend.tests.test_moego_phase3_payments_portal.TestSavedCards" name="test_save_card_accepts_card_data" time="0.052" /><testcase classname="backend.tests.test_moego_phase3_payments_portal.TestSavedCards" name="test_get_cards_returns_user_cards" time="0.041" /><testcase classname="backend.tests.test_moego_phase3_payments_portal.TestSavedCards" name="test_delete_card_removes_card" time="0.072" /><testcase classname="backend.tests.test_moego_phase3_payments_portal.TestDepositHold" name="test_create_deposit_hold" time="0.282"><failure message="assert 520 == 200&#10; +  where 520 = &lt;Response [520]&gt;.status_code">backend/tests/test_moego_phase3_payments_portal.py:131: in test_create_deposit_hold
    assert response.status_code == 200
E   assert 520 == 200
E    +  where 520 = &lt;Response [520]&gt;.status_code</failure></testcase><testcase classname="backend.tests.test_moego_phase3_payments_portal.TestCapturePayment" name="test_capture_authorization" time="0.041"><skipped type="pytest.skip" message="Failed to create deposit hold: Internal Server Error">/app/backend/tests/test_moego_phase3_payments_portal.py:146: Failed to create deposit hold: Internal Server Error</skipped></testcase><testcase classname="backend.tests.test_moego_phase3_payments_portal.TestDirectCharge" name="test_create_direct_charge" time="0.042"><failure message="assert 520 == 200&#10; +  where 520 = &lt;Response [520]&gt;.status_code">backend/tests/test_moego_phase3_payments_portal.py:180: in test_create_direct_charge
    assert response.status_code == 200
E   assert 520 == 200
E    +  where 520 = &lt;Response [520]&gt;.status_code</failure></testcase><testcase classname="backend.tests.test_moego_phase3_payments_portal.TestRefund" name="test_refund_payment" time="0.039"><skipped type="pytest.skip" message="Failed to create payment: Internal Server Error">/app/backend/tests/test_moego_phase3_payments_portal.py:195: Failed to create payment: Internal Server Error</skipped></testcase><testcase classname="backend.tests.test_moego_phase3_payments_portal.TestCustomerPortal" name="test_get_upcoming_bookings" time="0.036" /><testcase classname="backend.tests.test_moego_phase3_payments_portal.TestCustomerPortal" name="test_get_service_history" time="0.034" /><testcase classname="backend.tests.test_moego_phase3_payments_portal.TestCustomerPortal" name="test_get_invoices" time="0.037" /><testcase classname="backend.tests.test_moego_phase3_payments_portal.TestRebook" name="test_rebook_from_history" time="0.072"><skipped type="pytest.skip" message="No completed booking available for rebooking test">/app/backend/tests/test_moego_phase3_payments_portal.py:290: No completed booking available for rebooking test</skipped></testcase><testcase classname="backend.tests.test_moego_phase3_payments_portal.TestPaymentFlow" name="test_full_payment_flow" time="0.075"><failure message="assert 520 == 200&#10; +  where 520 = &lt;Response [520]&gt;.status_code">backend/tests/test_moego_phase3_payments_portal.py:477: in test_full_payment_flow
    assert hold_response.status_code == 200
E   assert 520 == 200
E    +  where 520 = &lt;Response [520]&gt;.status_code</failure></testcase></testsuite></testsuites>