<?xml version="1.0" encoding="utf-8"?><testsuites name="pytest tests"><testsuite name="pytest" errors="0" failures="0" skipped="0" tests="14" time="2.922" timestamp="2026-02-10T16:54:09.666834+00:00" hostname="agent-env-4ca3e64f-654d-41f9-89de-d700889e51d8"><testcase classname="tests.test_push_notifications.TestPushNotificationEndpoints" name="test_vapid_key_endpoint_returns_key" time="0.059" /><testcase classname="tests.test_push_notifications.TestPushNotificationEndpoints" name="test_vapid_key_no_auth_required" time="0.038" /><testcase classname="tests.test_push_notifications.TestPushNotificationEndpoints" name="test_web_push_subscribe_success" time="0.276" /><testcase classname="tests.test_push_notifications.TestPushNotificationEndpoints" name="test_web_push_subscribe_invalid_data" time="0.273" /><testcase classname="tests.test_push_notifications.TestPushNotificationEndpoints" name="test_web_push_subscribe_requires_auth" time="0.034" /><testcase classname="tests.test_push_notifications.TestPushNotificationEndpoints" name="test_fcm_subscribe_success" time="0.269" /><testcase classname="tests.test_push_notifications.TestPushNotificationEndpoints" name="test_fcm_subscribe_missing_token" time="0.270" /><testcase classname="tests.test_push_notifications.TestPushNotificationEndpoints" name="test_get_subscriptions_returns_user_subscriptions" time="0.279" /><testcase classname="tests.test_push_notifications.TestPushNotificationEndpoints" name="test_get_subscriptions_requires_auth" time="0.133" /><testcase classname="tests.test_push_notifications.TestPushNotificationEndpoints" name="test_unsubscribe_success" time="0.278" /><testcase classname="tests.test_push_notifications.TestPushNotificationEndpoints" name="test_unsubscribe_invalid_id" time="0.269" /><testcase classname="tests.test_push_notifications.TestPushNotificationEndpoints" name="test_push_test_endpoint" time="0.316" /><testcase classname="tests.test_push_notifications.TestPushNotificationEndpoints" name="test_push_test_requires_auth" time="0.037" /><testcase classname="tests.test_push_notifications.TestPushNotificationIntegration" name="test_push_subscription_flow" time="0.337" /></testsuite></testsuites>