<?xml version="1.0" encoding="utf-8"?><testsuites name="pytest tests"><testsuite name="pytest" errors="0" failures="1" skipped="3" tests="26" time="6.819" timestamp="2026-01-29T01:59:34.341928+00:00" hostname="agent-env-b1e2b001-0af7-4498-960a-7f6a31ba5ddc"><testcase classname="backend.tests.test_new_features.TestTimeEntryCRUD" name="test_admin_create_time_entry" time="0.617" /><testcase classname="backend.tests.test_new_features.TestTimeEntryCRUD" name="test_admin_get_time_entries" time="0.034" /><testcase classname="backend.tests.test_new_features.TestTimeEntryCRUD" name="test_admin_update_time_entry" time="0.073" /><testcase classname="backend.tests.test_new_features.TestTimeEntryCRUD" name="test_admin_delete_time_entry" time="0.078" /><testcase classname="backend.tests.test_new_features.TestTimesheetModificationRequests" name="test_staff_clock_in_out" time="0.359"><failure message="AssertionError: Clock out failed: {&quot;detail&quot;:&quot;Not clocked in&quot;}&#10;assert 400 == 200&#10; +  where 400 = &lt;Response [400]&gt;.status_code">backend/tests/test_new_features.py:206: in test_staff_clock_in_out
    assert response.status_code == 200, f"Clock out failed: {response.text}"
E   AssertionError: Clock out failed: {"detail":"Not clocked in"}
E   assert 400 == 200
E    +  where 400 = &lt;Response [400]&gt;.status_code</failure></testcase><testcase classname="backend.tests.test_new_features.TestTimesheetModificationRequests" name="test_staff_request_modification" time="0.147"><skipped type="pytest.skip" message="No time entries to modify">/app/backend/tests/test_new_features.py:230: No time entries to modify</skipped></testcase><testcase classname="backend.tests.test_new_features.TestTimesheetModificationRequests" name="test_admin_get_modification_requests" time="0.298" /><testcase classname="backend.tests.test_new_features.TestShiftScheduling" name="test_create_shift" time="0.597" /><testcase classname="backend.tests.test_new_features.TestShiftScheduling" name="test_get_shifts" time="0.036" /><testcase classname="backend.tests.test_new_features.TestShiftScheduling" name="test_update_shift" time="0.082" /><testcase classname="backend.tests.test_new_features.TestShiftScheduling" name="test_delete_shift" time="0.072" /><testcase classname="backend.tests.test_new_features.TestBookingCRUD" name="test_create_booking" time="0.407" /><testcase classname="backend.tests.test_new_features.TestBookingCRUD" name="test_staff_edit_booking" time="0.373" /><testcase classname="backend.tests.test_new_features.TestBookingCRUD" name="test_staff_delete_booking" time="0.079" /><testcase classname="backend.tests.test_new_features.TestCustomerCRUD" name="test_admin_create_customer" time="0.521" /><testcase classname="backend.tests.test_new_features.TestCustomerCRUD" name="test_admin_update_customer" time="0.294" /><testcase classname="backend.tests.test_new_features.TestCustomerCRUD" name="test_admin_toggle_customer_status" time="0.325" /><testcase classname="backend.tests.test_new_features.TestIncidentCRUD" name="test_create_incident" time="0.332" /><testcase classname="backend.tests.test_new_features.TestIncidentCRUD" name="test_get_incidents" time="0.307" /><testcase classname="backend.tests.test_new_features.TestIncidentCRUD" name="test_update_incident" time="0.070" /><testcase classname="backend.tests.test_new_features.TestIncidentCRUD" name="test_delete_incident" time="0.117" /><testcase classname="backend.tests.test_new_features.TestTaskCompletionTracking" name="test_task_completion_tracking" time="0.657" /><testcase classname="backend.tests.test_new_features.TestChatTabs" name="test_get_chat_users" time="0.294" /><testcase classname="backend.tests.test_new_features.TestChatTabs" name="test_get_chats" time="0.035" /><testcase classname="backend.tests.test_new_features.TestBookingVerification" name="test_existing_customer_login" time="0.254"><skipped type="pytest.skip" message="Test customer not available">/app/backend/tests/test_new_features.py:842: Test customer not available</skipped></testcase><testcase classname="backend.tests.test_new_features.TestBookingVerification" name="test_verify_test_booking_dogs" time="0.253"><skipped type="pytest.skip" message="Test customer not available">/app/backend/tests/test_new_features.py:855: Test customer not available</skipped></testcase></testsuite></testsuites>