<?xml version="1.0" encoding="utf-8"?><testsuites name="pytest tests"><testsuite name="pytest" errors="0" failures="0" skipped="4" tests="14" time="3.671" timestamp="2026-02-10T16:24:07.418896+00:00" hostname="agent-env-4ca3e64f-654d-41f9-89de-d700889e51d8"><testcase classname="backend.tests.test_moego_phase2_notifications.TestNotificationAPIs" name="test_get_unread_count_endpoint" time="0.361" /><testcase classname="backend.tests.test_moego_phase2_notifications.TestNotificationAPIs" name="test_get_notifications_endpoint" time="0.313" /><testcase classname="backend.tests.test_moego_phase2_notifications.TestNotificationAPIs" name="test_get_notifications_with_unread_filter" time="0.312" /><testcase classname="backend.tests.test_moego_phase2_notifications.TestNotificationAPIs" name="test_get_notifications_with_limit" time="0.277" /><testcase classname="backend.tests.test_moego_phase2_notifications.TestNotificationAPIs" name="test_mark_notification_read_endpoint_exists" time="0.271" /><testcase classname="backend.tests.test_moego_phase2_notifications.TestNotificationAPIs" name="test_mark_all_read_endpoint" time="0.274" /><testcase classname="backend.tests.test_moego_phase2_notifications.TestSmartBookingWithNotifications" name="test_smart_booking_creates_booking" time="0.306"><skipped type="pytest.skip" message="Could not create test dog: {&quot;detail&quot;:&quot;Only customers can add dogs&quot;}">/app/backend/tests/test_moego_phase2_notifications.py:178: Could not create test dog: {"detail":"Only customers can add dogs"}</skipped></testcase><testcase classname="backend.tests.test_moego_phase2_notifications.TestSmartBookingWithNotifications" name="test_smart_booking_with_bath_day_before" time="0.268"><skipped type="pytest.skip" message="Could not create test dog: {&quot;detail&quot;:&quot;Only customers can add dogs&quot;}">/app/backend/tests/test_moego_phase2_notifications.py:220: Could not create test dog: {"detail":"Only customers can add dogs"}</skipped></testcase><testcase classname="backend.tests.test_moego_phase2_notifications.TestSmartBookingWithNotifications" name="test_smart_booking_with_coupon_code" time="0.285"><skipped type="pytest.skip" message="Could not create test dog: {&quot;detail&quot;:&quot;Only customers can add dogs&quot;}">/app/backend/tests/test_moego_phase2_notifications.py:264: Could not create test dog: {"detail":"Only customers can add dogs"}</skipped></testcase><testcase classname="backend.tests.test_moego_phase2_notifications.TestSmartBookingEligibilityBlocking" name="test_booking_with_aggressive_dog_triggers_block" time="0.308"><skipped type="pytest.skip" message="Could not create test dog: {&quot;detail&quot;:[{&quot;type&quot;:&quot;string_type&quot;,&quot;loc&quot;:[&quot;body&quot;,&quot;incidents_of_aggression&quot;],&quot;msg&quot;:&quot;Input should be a valid string&quot;,&quot;input&quot;:true,&quot;url&quot;:&quot;https://errors.pydantic.dev/2.12/v/string_type&quot;}]}">/app/backend/tests/test_moego_phase2_notifications.py:329: Could not create test dog: {"detail":[{"type":"string_type","loc":["body","incidents_of_aggression"],"msg":"Input should be a valid string","input":true,"url":"https://errors.pydantic.dev/2.12/v/string_type"}]}</skipped></testcase><testcase classname="backend.tests.test_moego_phase2_notifications.TestBookingApprovalNotifications" name="test_approve_booking_endpoint" time="0.273" /><testcase classname="backend.tests.test_moego_phase2_notifications.TestBookingApprovalNotifications" name="test_reject_booking_endpoint" time="0.272" /><testcase classname="backend.tests.test_moego_phase2_notifications.TestNotificationAccessControl" name="test_notifications_require_auth" time="0.041" /><testcase classname="backend.tests.test_moego_phase2_notifications.TestNotificationAccessControl" name="test_unread_count_requires_auth" time="0.035" /></testsuite></testsuites>