<?xml version="1.0" encoding="utf-8"?><testsuites name="pytest tests"><testsuite name="pytest" errors="0" failures="0" skipped="0" tests="47" time="3.075" timestamp="2026-02-10T03:57:46.400146+00:00" hostname="agent-env-af5c8d84-9b05-45da-95fc-73dda12f0b0c"><testcase classname="backend.tests.test_phase2_4.TestSetup" name="test_register_admin" time="0.404" /><testcase classname="backend.tests.test_phase2_4.TestSetup" name="test_register_staff" time="0.304" /><testcase classname="backend.tests.test_phase2_4.TestSetup" name="test_register_customer" time="0.299" /><testcase classname="backend.tests.test_phase2_4.TestSetup" name="test_create_location" time="0.043" /><testcase classname="backend.tests.test_phase2_4.TestSetup" name="test_create_dog" time="0.039" /><testcase classname="backend.tests.test_phase2_4.TestPhase2OpsDashboard" name="test_ops_dashboard_staff_access" time="0.038" /><testcase classname="backend.tests.test_phase2_4.TestPhase2OpsDashboard" name="test_ops_dashboard_with_date" time="0.044" /><testcase classname="backend.tests.test_phase2_4.TestPhase2OpsDashboard" name="test_ops_dashboard_customer_denied" time="0.038" /><testcase classname="backend.tests.test_phase2_4.TestPhase2ApprovalQueue" name="test_approval_queue_get" time="0.046" /><testcase classname="backend.tests.test_phase2_4.TestPhase2ApprovalQueue" name="test_booking_approve" time="0.081" /><testcase classname="backend.tests.test_phase2_4.TestPhase2StaffAssignments" name="test_staff_assignments_get" time="0.045" /><testcase classname="backend.tests.test_phase2_4.TestPhase2StaffAssignments" name="test_staff_assignment_create" time="0.043" /><testcase classname="backend.tests.test_phase2_4.TestPhase2StaffAssignments" name="test_staff_assignment_delete" time="0.038" /><testcase classname="backend.tests.test_phase2_4.TestPhase2PlayGroups" name="test_play_groups_get" time="0.039" /><testcase classname="backend.tests.test_phase2_4.TestPhase2PlayGroups" name="test_play_group_create" time="0.042" /><testcase classname="backend.tests.test_phase2_4.TestPhase2PlayGroups" name="test_play_group_update" time="0.040" /><testcase classname="backend.tests.test_phase2_4.TestPhase2PlayGroups" name="test_play_group_add_dog" time="0.042" /><testcase classname="backend.tests.test_phase2_4.TestPhase2FeedingSchedules" name="test_feeding_schedules_get" time="0.040" /><testcase classname="backend.tests.test_phase2_4.TestPhase2FeedingSchedules" name="test_feeding_schedule_create" time="0.038" /><testcase classname="backend.tests.test_phase2_4.TestPhase2FeedingSchedules" name="test_feeding_schedule_update" time="0.043" /><testcase classname="backend.tests.test_phase2_4.TestPhase2FeedingSchedules" name="test_feeding_schedule_log_feeding" time="0.036" /><testcase classname="backend.tests.test_phase2_4.TestPhase3EnhancedBooking" name="test_booking_v2_create" time="0.048" /><testcase classname="backend.tests.test_phase2_4.TestPhase3EnhancedBooking" name="test_booking_modify" time="0.039" /><testcase classname="backend.tests.test_phase2_4.TestPhase3EnhancedBooking" name="test_get_single_booking" time="0.040" /><testcase classname="backend.tests.test_phase2_4.TestPhase3Invoices" name="test_invoices_get_customer" time="0.041" /><testcase classname="backend.tests.test_phase2_4.TestPhase3Invoices" name="test_invoices_get_admin" time="0.035" /><testcase classname="backend.tests.test_phase2_4.TestPhase3Invoices" name="test_invoice_get_by_id" time="0.041" /><testcase classname="backend.tests.test_phase2_4.TestPhase3PaymentHistory" name="test_payment_history_customer" time="0.040" /><testcase classname="backend.tests.test_phase2_4.TestPhase3PaymentHistory" name="test_payment_history_admin" time="0.036" /><testcase classname="backend.tests.test_phase2_4.TestPhase4Notifications" name="test_notifications_get" time="0.037" /><testcase classname="backend.tests.test_phase2_4.TestPhase4Notifications" name="test_notifications_unread_count" time="0.042" /><testcase classname="backend.tests.test_phase2_4.TestPhase4Notifications" name="test_notification_mark_read" time="0.037" /><testcase classname="backend.tests.test_phase2_4.TestPhase4Notifications" name="test_notifications_mark_all_read" time="0.039" /><testcase classname="backend.tests.test_phase2_4.TestPhase4NotificationTemplates" name="test_notification_templates_get" time="0.039" /><testcase classname="backend.tests.test_phase2_4.TestPhase4NotificationTemplates" name="test_notification_template_create" time="0.081" /><testcase classname="backend.tests.test_phase2_4.TestPhase4NotificationTemplates" name="test_notification_template_update" time="0.043" /><testcase classname="backend.tests.test_phase2_4.TestPhase4NotificationTemplates" name="test_notification_templates_staff_denied" time="0.039" /><testcase classname="backend.tests.test_phase2_4.TestPhase4AutomationRules" name="test_automation_rules_get" time="0.039" /><testcase classname="backend.tests.test_phase2_4.TestPhase4AutomationRules" name="test_automation_rule_create" time="0.040" /><testcase classname="backend.tests.test_phase2_4.TestPhase4AutomationRules" name="test_automation_rule_update" time="0.038" /><testcase classname="backend.tests.test_phase2_4.TestPhase4AutomationRules" name="test_automation_rule_delete" time="0.040" /><testcase classname="backend.tests.test_phase2_4.TestPhase4EventLogs" name="test_event_logs_get" time="0.041" /><testcase classname="backend.tests.test_phase2_4.TestPhase4EventLogs" name="test_event_logs_with_filter" time="0.035" /><testcase classname="backend.tests.test_phase2_4.TestPhase4EventLogs" name="test_event_logs_staff_denied" time="0.039" /><testcase classname="backend.tests.test_phase2_4.TestPhase4SendNotification" name="test_send_notification" time="0.042" /><testcase classname="backend.tests.test_phase2_4.TestPhase4SendNotification" name="test_send_notification_invalid_user" time="0.037" /><testcase classname="backend.tests.test_phase2_4.TestPhase4SendNotification" name="test_send_notification_staff_denied" time="0.040" /></testsuite></testsuites>