<?xml version="1.0" encoding="utf-8"?><testsuites name="pytest tests"><testsuite name="pytest" errors="0" failures="1" skipped="0" tests="20" time="5.426" timestamp="2026-02-10T16:07:32.355479+00:00" hostname="agent-env-4ca3e64f-654d-41f9-89de-d700889e51d8"><testcase classname="tests.test_moego_phase2.TestMoeGoPhase2APIs" name="test_smart_booking_endpoint_exists" time="0.337"><failure message="AssertionError: Unexpected status: 520&#10;assert 520 in [400, 422, 500]&#10; +  where 520 = &lt;Response [520]&gt;.status_code">tests/test_moego_phase2.py:46: in test_smart_booking_endpoint_exists
    assert response.status_code in [400, 422, 500], f"Unexpected status: {response.status_code}"
E   AssertionError: Unexpected status: 520
E   assert 520 in [400, 422, 500]
E    +  where 520 = &lt;Response [520]&gt;.status_code</failure></testcase><testcase classname="tests.test_moego_phase2.TestMoeGoPhase2APIs" name="test_smart_booking_with_valid_data" time="0.311" /><testcase classname="tests.test_moego_phase2.TestMoeGoPhase2APIs" name="test_check_ins_endpoint_exists" time="0.277" /><testcase classname="tests.test_moego_phase2.TestMoeGoPhase2APIs" name="test_check_ins_with_different_dates" time="0.323" /><testcase classname="tests.test_moego_phase2.TestMoeGoPhase2APIs" name="test_check_outs_endpoint_exists" time="0.288" /><testcase classname="tests.test_moego_phase2.TestMoeGoPhase2APIs" name="test_check_outs_with_different_dates" time="0.275" /><testcase classname="tests.test_moego_phase2.TestMoeGoPhase2APIs" name="test_baths_due_endpoint_exists" time="0.281" /><testcase classname="tests.test_moego_phase2.TestMoeGoPhase2APIs" name="test_baths_due_with_different_dates" time="0.272" /><testcase classname="tests.test_moego_phase2.TestMoeGoPhase2APIs" name="test_pending_approvals_endpoint_exists" time="0.276" /><testcase classname="tests.test_moego_phase2.TestMoeGoPhase2APIs" name="test_pending_approvals_with_location_filter" time="0.312" /><testcase classname="tests.test_moego_phase2.TestMoeGoPhase2APIs" name="test_kennels_list_endpoint" time="0.271" /><testcase classname="tests.test_moego_phase2.TestMoeGoPhase2APIs" name="test_dogs_on_site_endpoint" time="0.278" /><testcase classname="tests.test_moego_phase2.TestMoeGoPhase2APIs" name="test_check_in_operation_endpoint_exists" time="0.268" /><testcase classname="tests.test_moego_phase2.TestMoeGoPhase2APIs" name="test_check_out_operation_endpoint_exists" time="0.274" /><testcase classname="tests.test_moego_phase2.TestMoeGoPhase2APIs" name="test_bath_complete_endpoint_exists" time="0.271" /><testcase classname="tests.test_moego_phase2.TestMoeGoPhase2APIs" name="test_approve_booking_endpoint_exists" time="0.273" /><testcase classname="tests.test_moego_phase2.TestMoeGoPhase2APIs" name="test_reject_booking_endpoint_exists" time="0.282" /><testcase classname="tests.test_moego_phase2.TestMoeGoPhase2APIs" name="test_operations_summary_endpoint" time="0.277" /><testcase classname="tests.test_moego_phase2.TestMoeGoPhase2AccessControl" name="test_check_ins_requires_staff_or_admin" time="0.053" /><testcase classname="tests.test_moego_phase2.TestMoeGoPhase2AccessControl" name="test_pending_approvals_requires_admin" time="0.036" /></testsuite></testsuites>