<?xml version="1.0" encoding="utf-8"?><testsuites name="pytest tests"><testsuite name="pytest" errors="0" failures="1" skipped="0" tests="24" time="7.428" timestamp="2026-02-10T21:24:34.882500+00:00" hostname="agent-env-846ed812-d474-4ad5-b2d3-8d4d5022a98b"><testcase classname="backend.tests.test_k9_governance_features.TestAccountGovernance" name="test_customer_registration_free" time="0.285" /><testcase classname="backend.tests.test_k9_governance_features.TestAccountGovernance" name="test_staff_registration_requires_approval" time="0.263" /><testcase classname="backend.tests.test_k9_governance_features.TestAccountGovernance" name="test_admin_registration_blocked_if_admin_exists" time="0.037" /><testcase classname="backend.tests.test_k9_governance_features.TestAccountGovernance" name="test_duplicate_email_rejected" time="0.044" /><testcase classname="backend.tests.test_k9_governance_features.TestCustomerLogin" name="test_customer_login_success" time="0.265" /><testcase classname="backend.tests.test_k9_governance_features.TestCustomerLogin" name="test_customer_get_me" time="0.300" /><testcase classname="backend.tests.test_k9_governance_features.TestAdminLogin" name="test_admin_login_success" time="0.264" /><testcase classname="backend.tests.test_k9_governance_features.TestDogProfileModification" name="test_get_customer_dogs" time="0.293" /><testcase classname="backend.tests.test_k9_governance_features.TestDogProfileModification" name="test_create_and_update_dog" time="0.309"><failure message="KeyError: 'feeding_instructions'">backend/tests/test_k9_governance_features.py:222: in test_create_and_update_dog
    assert updated_dog["feeding_instructions"] == "3 cups twice daily"
           ^^^^^^^^^^^^^^^^^^^^^^^^^^^^^^^^^^^
E   KeyError: 'feeding_instructions'</failure></testcase><testcase classname="backend.tests.test_k9_governance_features.TestBookingModification" name="test_get_customer_bookings" time="0.294" /><testcase classname="backend.tests.test_k9_governance_features.TestBookingModification" name="test_create_booking" time="0.358" /><testcase classname="backend.tests.test_k9_governance_features.TestEmailTemplates" name="test_get_email_templates" time="0.303" /><testcase classname="backend.tests.test_k9_governance_features.TestEmailTemplates" name="test_update_email_template" time="0.295" /><testcase classname="backend.tests.test_k9_governance_features.TestEmailTemplates" name="test_send_test_email" time="0.308" /><testcase classname="backend.tests.test_k9_governance_features.TestEmailTemplates" name="test_get_email_outbox" time="0.295" /><testcase classname="backend.tests.test_k9_governance_features.TestEmailTemplates" name="test_customer_cannot_access_email_templates" time="0.297" /><testcase classname="backend.tests.test_k9_governance_features.TestStaffManagement" name="test_list_staff_requests" time="0.299" /><testcase classname="backend.tests.test_k9_governance_features.TestStaffManagement" name="test_check_owner_status" time="0.297" /><testcase classname="backend.tests.test_k9_governance_features.TestStaffManagement" name="test_create_staff_request_and_approve" time="0.592" /><testcase classname="backend.tests.test_k9_governance_features.TestStaffManagement" name="test_create_staff_request_and_reject" time="0.698" /><testcase classname="backend.tests.test_k9_governance_features.TestStaffManagement" name="test_customer_cannot_access_staff_requests" time="0.296" /><testcase classname="backend.tests.test_k9_governance_features.TestOwnerFunctions" name="test_create_admin_by_owner" time="0.313" /><testcase classname="backend.tests.test_k9_governance_features.TestDataClientIntegration" name="test_get_bookings_for_calendar" time="0.336" /><testcase classname="backend.tests.test_k9_governance_features.TestDataClientIntegration" name="test_get_dogs_for_dashboard" time="0.294" /></testsuite></testsuites>