<?xml version="1.0" encoding="utf-8"?><testsuites name="pytest tests"><testsuite name="pytest" errors="0" failures="0" skipped="2" tests="26" time="6.794" timestamp="2026-01-29T02:00:59.884765+00:00" hostname="agent-env-b1e2b001-0af7-4498-960a-7f6a31ba5ddc"><testcase classname="backend.tests.test_new_features.TestTimeEntryCRUD" name="test_admin_create_time_entry" time="0.591" /><testcase classname="backend.tests.test_new_features.TestTimeEntryCRUD" name="test_admin_get_time_entries" time="0.039" /><testcase classname="backend.tests.test_new_features.TestTimeEntryCRUD" name="test_admin_update_time_entry" time="0.094" /><testcase classname="backend.tests.test_new_features.TestTimeEntryCRUD" name="test_admin_delete_time_entry" time="0.073" /><testcase classname="backend.tests.test_new_features.TestTimesheetModificationRequests" name="test_staff_clock_in_out" time="0.408" /><testcase classname="backend.tests.test_new_features.TestTimesheetModificationRequests" name="test_staff_request_modification" time="0.182" /><testcase classname="backend.tests.test_new_features.TestTimesheetModificationRequests" name="test_admin_get_modification_requests" time="0.298" /><testcase classname="backend.tests.test_new_features.TestShiftScheduling" name="test_create_shift" time="0.590" /><testcase classname="backend.tests.test_new_features.TestShiftScheduling" name="test_get_shifts" time="0.042" /><testcase classname="backend.tests.test_new_features.TestShiftScheduling" name="test_update_shift" time="0.072" /><testcase classname="backend.tests.test_new_features.TestShiftScheduling" name="test_delete_shift" time="0.070" /><testcase classname="backend.tests.test_new_features.TestBookingCRUD" name="test_create_booking" time="0.359" /><testcase classname="backend.tests.test_new_features.TestBookingCRUD" name="test_staff_edit_booking" time="0.346" /><testcase classname="backend.tests.test_new_features.TestBookingCRUD" name="test_staff_delete_booking" time="0.080" /><testcase classname="backend.tests.test_new_features.TestCustomerCRUD" name="test_admin_create_customer" time="0.517" /><testcase classname="backend.tests.test_new_features.TestCustomerCRUD" name="test_admin_update_customer" time="0.291" /><testcase classname="backend.tests.test_new_features.TestCustomerCRUD" name="test_admin_toggle_customer_status" time="0.327" /><testcase classname="backend.tests.test_new_features.TestIncidentCRUD" name="test_create_incident" time="0.326" /><testcase classname="backend.tests.test_new_features.TestIncidentCRUD" name="test_get_incidents" time="0.349" /><testcase classname="backend.tests.test_new_features.TestIncidentCRUD" name="test_update_incident" time="0.069" /><testcase classname="backend.tests.test_new_features.TestIncidentCRUD" name="test_delete_incident" time="0.064" /><testcase classname="backend.tests.test_new_features.TestTaskCompletionTracking" name="test_task_completion_tracking" time="0.665" /><testcase classname="backend.tests.test_new_features.TestChatTabs" name="test_get_chat_users" time="0.292" /><testcase classname="backend.tests.test_new_features.TestChatTabs" name="test_get_chats" time="0.034" /><testcase classname="backend.tests.test_new_features.TestBookingVerification" name="test_existing_customer_login" time="0.295"><skipped type="pytest.skip" message="Test customer not available">/app/backend/tests/test_new_features.py:842: Test customer not available</skipped></testcase><testcase classname="backend.tests.test_new_features.TestBookingVerification" name="test_verify_test_booking_dogs" time="0.259"><skipped type="pytest.skip" message="Test customer not available">/app/backend/tests/test_new_features.py:855: Test customer not available</skipped></testcase></testsuite></testsuites>