<?xml version="1.0" encoding="utf-8"?><testsuites name="pytest tests"><testsuite name="pytest" errors="0" failures="1" skipped="0" tests="15" time="3.783" timestamp="2026-02-11T03:40:26.180269+00:00" hostname="agent-env-846ed812-d474-4ad5-b2d3-8d4d5022a98b"><testcase classname="backend.tests.test_k9_normalization_governance.TestRoleGovernance" name="test_customer_registration_allowed" time="0.326" /><testcase classname="backend.tests.test_k9_normalization_governance.TestRoleGovernance" name="test_staff_registration_returns_202" time="0.266" /><testcase classname="backend.tests.test_k9_normalization_governance.TestRoleGovernance" name="test_admin_registration_returns_403" time="0.036" /><testcase classname="backend.tests.test_k9_normalization_governance.TestCancellationRefundPolicy" name="test_refund_policy_48h_full_refund" time="0.298" /><testcase classname="backend.tests.test_k9_normalization_governance.TestCancellationRefundPolicy" name="test_refund_policy_24_48h_partial_refund" time="0.301" /><testcase classname="backend.tests.test_k9_normalization_governance.TestCancellationRefundPolicy" name="test_refund_policy_under_24h_no_refund" time="0.294" /><testcase classname="backend.tests.test_k9_normalization_governance.TestBookingNormalization" name="test_booking_list_returns_normalized_fields" time="0.292" /><testcase classname="backend.tests.test_k9_normalization_governance.TestBookingNormalization" name="test_booking_creation_accepts_normalized_fields" time="0.290" /><testcase classname="backend.tests.test_k9_normalization_governance.TestDogNormalization" name="test_dog_creation_with_normalized_fields" time="0.308" /><testcase classname="backend.tests.test_k9_normalization_governance.TestDogNormalization" name="test_dog_creation_with_snake_case_fields" time="0.291" /><testcase classname="backend.tests.test_k9_normalization_governance.TestDogNormalization" name="test_dog_list_returns_normalized_fields" time="0.374" /><testcase classname="backend.tests.test_k9_normalization_governance.TestStaffRequestFlow" name="test_staff_request_page_submission" time="0.256" /><testcase classname="backend.tests.test_k9_normalization_governance.TestStaffRequestFlow" name="test_staff_cannot_login_before_approval" time="0.293" /><testcase classname="backend.tests.test_k9_normalization_governance.TestHealthAndBasics" name="test_api_health" time="0.033"><failure message="AssertionError: Health check failed: 404&#10;assert 404 == 200&#10; +  where 404 = &lt;Response [404]&gt;.status_code">backend/tests/test_k9_normalization_governance.py:428: in test_api_health
    assert response.status_code == 200, f"Health check failed: {response.status_code}"
E   AssertionError: Health check failed: 404
E   assert 404 == 200
E    +  where 404 = &lt;Response [404]&gt;.status_code</failure></testcase><testcase classname="backend.tests.test_k9_normalization_governance.TestHealthAndBasics" name="test_auth_endpoints_exist" time="0.035" /></testsuite></testsuites>