<?xml version="1.0" encoding="utf-8"?><testsuites name="pytest tests"><testsuite name="pytest" errors="0" failures="0" skipped="0" tests="21" time="6.647" timestamp="2026-02-10T19:51:06.779703+00:00" hostname="agent-env-04aa737a-68fb-4f0c-9251-5972ff3a28ef"><testcase classname="backend.tests.test_moego_phase4_pos_crm.TestInventoryManagement" name="test_create_product" time="0.323" /><testcase classname="backend.tests.test_moego_phase4_pos_crm.TestInventoryManagement" name="test_list_products" time="0.279" /><testcase classname="backend.tests.test_moego_phase4_pos_crm.TestInventoryManagement" name="test_get_product_by_id" time="0.279" /><testcase classname="backend.tests.test_moego_phase4_pos_crm.TestInventoryManagement" name="test_update_product" time="0.319" /><testcase classname="backend.tests.test_moego_phase4_pos_crm.TestInventoryManagement" name="test_adjust_inventory" time="0.348" /><testcase classname="backend.tests.test_moego_phase4_pos_crm.TestInventoryManagement" name="test_low_stock_alert" time="0.281" /><testcase classname="backend.tests.test_moego_phase4_pos_crm.TestPOSCheckout" name="test_pos_transaction_cash" time="0.366" /><testcase classname="backend.tests.test_moego_phase4_pos_crm.TestPOSCheckout" name="test_pos_transaction_card" time="0.321" /><testcase classname="backend.tests.test_moego_phase4_pos_crm.TestPOSCheckout" name="test_pos_transaction_with_customer" time="0.335" /><testcase classname="backend.tests.test_moego_phase4_pos_crm.TestPOSCheckout" name="test_get_transaction" time="0.330" /><testcase classname="backend.tests.test_moego_phase4_pos_crm.TestPOSCheckout" name="test_daily_sales" time="0.324" /><testcase classname="backend.tests.test_moego_phase4_pos_crm.TestPOSCheckout" name="test_inventory_deduction_after_sale" time="0.338" /><testcase classname="backend.tests.test_moego_phase4_pos_crm.TestCRMLeads" name="test_create_lead" time="0.267" /><testcase classname="backend.tests.test_moego_phase4_pos_crm.TestCRMLeads" name="test_list_leads" time="0.268" /><testcase classname="backend.tests.test_moego_phase4_pos_crm.TestCRMLeads" name="test_list_leads_with_filters" time="0.276" /><testcase classname="backend.tests.test_moego_phase4_pos_crm.TestCRMLeads" name="test_update_lead_status" time="0.322" /><testcase classname="backend.tests.test_moego_phase4_pos_crm.TestCRMLeads" name="test_convert_lead_to_customer" time="0.275" /><testcase classname="backend.tests.test_moego_phase4_pos_crm.TestCRMLeads" name="test_mark_lead_as_lost" time="0.342" /><testcase classname="backend.tests.test_moego_phase4_pos_crm.TestCRMLeads" name="test_retention_metrics" time="0.269" /><testcase classname="backend.tests.test_moego_phase4_pos_crm.TestIntegration" name="test_full_pos_workflow" time="0.293" /><testcase classname="backend.tests.test_moego_phase4_pos_crm.TestIntegration" name="test_full_lead_workflow" time="0.391" /></testsuite></testsuites>