<?xml version="1.0" encoding="utf-8"?><testsuites name="pytest tests"><testsuite name="pytest" errors="0" failures="1" skipped="2" tests="30" time="2.504" timestamp="2026-02-10T13:27:15.629967+00:00" hostname="agent-env-61acaf77-01bc-49e9-8385-303a9d769b33"><testcase classname="backend.tests.test_phase3_forms_tasks_hr.TestAuthentication" name="test_admin_login" time="0.310" /><testcase classname="backend.tests.test_phase3_forms_tasks_hr.TestAuthentication" name="test_staff_login" time="0.264" /><testcase classname="backend.tests.test_phase3_forms_tasks_hr.TestFormTemplates" name="test_list_form_templates" time="0.295" /><testcase classname="backend.tests.test_phase3_forms_tasks_hr.TestFormTemplates" name="test_create_form_template" time="0.034" /><testcase classname="backend.tests.test_phase3_forms_tasks_hr.TestFormTemplates" name="test_get_form_template" time="0.040" /><testcase classname="backend.tests.test_phase3_forms_tasks_hr.TestFormTemplates" name="test_update_form_template" time="0.037" /><testcase classname="backend.tests.test_phase3_forms_tasks_hr.TestFormTemplates" name="test_staff_can_list_templates" time="0.299" /><testcase classname="backend.tests.test_phase3_forms_tasks_hr.TestFormTemplates" name="test_staff_cannot_create_template" time="0.037" /><testcase classname="backend.tests.test_phase3_forms_tasks_hr.TestFormSubmissions" name="test_create_form_submission_draft" time="0.036" /><testcase classname="backend.tests.test_phase3_forms_tasks_hr.TestFormSubmissions" name="test_list_form_submissions" time="0.037" /><testcase classname="backend.tests.test_phase3_forms_tasks_hr.TestFormSubmissions" name="test_get_form_submission" time="0.034" /><testcase classname="backend.tests.test_phase3_forms_tasks_hr.TestFormSubmissions" name="test_update_form_submission" time="0.037" /><testcase classname="backend.tests.test_phase3_forms_tasks_hr.TestFormSubmissions" name="test_admin_review_submission" time="0.039" /><testcase classname="backend.tests.test_phase3_forms_tasks_hr.TestTasks" name="test_list_tasks" time="0.033" /><testcase classname="backend.tests.test_phase3_forms_tasks_hr.TestTasks" name="test_create_task" time="0.035"><failure message="KeyError: 'priority'">backend/tests/test_phase3_forms_tasks_hr.py:323: in test_create_task
    assert data["priority"] == "high"
           ^^^^^^^^^^^^^^^^
E   KeyError: 'priority'</failure></testcase><testcase classname="backend.tests.test_phase3_forms_tasks_hr.TestTasks" name="test_get_task" time="0.000"><skipped type="pytest.skip" message="No task created">/app/backend/tests/test_phase3_forms_tasks_hr.py:330: No task created</skipped></testcase><testcase classname="backend.tests.test_phase3_forms_tasks_hr.TestTasks" name="test_update_task_status" time="0.000"><skipped type="pytest.skip" message="No task created">/app/backend/tests/test_phase3_forms_tasks_hr.py:341: No task created</skipped></testcase><testcase classname="backend.tests.test_phase3_forms_tasks_hr.TestTasks" name="test_staff_can_list_tasks" time="0.032" /><testcase classname="backend.tests.test_phase3_forms_tasks_hr.TestTasks" name="test_staff_can_create_task" time="0.034" /><testcase classname="backend.tests.test_phase3_forms_tasks_hr.TestTaskTemplates" name="test_list_task_templates" time="0.036" /><testcase classname="backend.tests.test_phase3_forms_tasks_hr.TestTaskTemplates" name="test_create_task_template" time="0.038" /><testcase classname="backend.tests.test_phase3_forms_tasks_hr.TestHRPolicies" name="test_list_policies" time="0.070" /><testcase classname="backend.tests.test_phase3_forms_tasks_hr.TestHRPolicies" name="test_create_policy" time="0.035" /><testcase classname="backend.tests.test_phase3_forms_tasks_hr.TestHRRequests" name="test_list_requests" time="0.068" /><testcase classname="backend.tests.test_phase3_forms_tasks_hr.TestHRRequests" name="test_create_request" time="0.333" /><testcase classname="backend.tests.test_phase3_forms_tasks_hr.TestHRRequests" name="test_staff_list_own_requests" time="0.034" /><testcase classname="backend.tests.test_phase3_forms_tasks_hr.TestAnalytics" name="test_form_submission_analytics" time="0.040" /><testcase classname="backend.tests.test_phase3_forms_tasks_hr.TestAnalytics" name="test_task_analytics" time="0.039" /><testcase classname="backend.tests.test_phase3_forms_tasks_hr.TestAnalytics" name="test_staff_cannot_access_analytics" time="0.035" /><testcase classname="backend.tests.test_phase3_forms_tasks_hr.TestCleanup" name="test_delete_form_template" time="0.036" /></testsuite></testsuites>