<?xml version="1.0" encoding="utf-8"?><testsuites name="pytest tests"><testsuite name="pytest" errors="0" failures="1" skipped="0" tests="25" time="8.251" timestamp="2026-01-28T23:32:29.178592+00:00" hostname="agent-env-b1e2b001-0af7-4498-960a-7f6a31ba5ddc"><testcase classname="backend.tests.test_api.TestHealthAndAuth" name="test_register_customer" time="0.324" /><testcase classname="backend.tests.test_api.TestHealthAndAuth" name="test_register_admin" time="0.265" /><testcase classname="backend.tests.test_api.TestHealthAndAuth" name="test_register_staff" time="0.265" /><testcase classname="backend.tests.test_api.TestHealthAndAuth" name="test_login_customer" time="0.302" /><testcase classname="backend.tests.test_api.TestHealthAndAuth" name="test_get_me" time="0.344" /><testcase classname="backend.tests.test_api.TestLocations" name="test_get_locations" time="0.040" /><testcase classname="backend.tests.test_api.TestLocations" name="test_check_availability" time="0.077" /><testcase classname="backend.tests.test_api.TestDogs" name="test_create_dog" time="0.306" /><testcase classname="backend.tests.test_api.TestDogs" name="test_get_dogs" time="0.336" /><testcase classname="backend.tests.test_api.TestBookings" name="test_create_booking" time="0.436" /><testcase classname="backend.tests.test_api.TestBookings" name="test_booking_with_separate_playtime_pricing" time="0.442"><failure message="AssertionError: Expected $18 fee, got $0&#10;assert 0 == 18">backend/tests/test_api.py:317: in test_booking_with_separate_playtime_pricing
    assert separate_fee == expected_fee, f"Expected $18 fee, got ${separate_fee}"
E   AssertionError: Expected $18 fee, got $0
E   assert 0 == 18</failure></testcase><testcase classname="backend.tests.test_api.TestBookings" name="test_get_bookings" time="0.382" /><testcase classname="backend.tests.test_api.TestAdminBookings" name="test_admin_get_all_bookings" time="0.312" /><testcase classname="backend.tests.test_api.TestAdminBookings" name="test_admin_update_booking_status" time="0.358" /><testcase classname="backend.tests.test_api.TestTasks" name="test_create_task" time="0.380" /><testcase classname="backend.tests.test_api.TestTasks" name="test_get_tasks" time="0.296" /><testcase classname="backend.tests.test_api.TestTasks" name="test_complete_task" time="0.459" /><testcase classname="backend.tests.test_api.TestTasks" name="test_delete_task" time="0.381" /><testcase classname="backend.tests.test_api.TestTasks" name="test_staff_cannot_delete_task" time="0.304" /><testcase classname="backend.tests.test_api.TestAdminUserManagement" name="test_get_all_users" time="0.343" /><testcase classname="backend.tests.test_api.TestAdminUserManagement" name="test_get_customers_only" time="0.297" /><testcase classname="backend.tests.test_api.TestAdminUserManagement" name="test_toggle_user_status" time="0.604" /><testcase classname="backend.tests.test_api.TestAdminUserManagement" name="test_non_admin_cannot_access_user_management" time="0.297" /><testcase classname="backend.tests.test_api.TestDashboardStats" name="test_admin_dashboard_stats" time="0.306" /><testcase classname="backend.tests.test_api.TestDashboardStats" name="test_customer_dashboard_stats" time="0.301" /></testsuite></testsuites>