<?xml version="1.0" encoding="utf-8"?><testsuites name="pytest tests"><testsuite name="pytest" errors="0" failures="0" skipped="0" tests="33" time="2.080" timestamp="2026-02-10T20:39:36.319664+00:00" hostname="agent-env-04aa737a-68fb-4f0c-9251-5972ff3a28ef"><testcase classname="backend.tests.test_k9_api_refactor.TestKennelsRouter" name="test_list_kennels" time="0.363" /><testcase classname="backend.tests.test_k9_api_refactor.TestKennelsRouter" name="test_get_kennel_by_id" time="0.087" /><testcase classname="backend.tests.test_k9_api_refactor.TestKennelsRouter" name="test_list_time_slots" time="0.044" /><testcase classname="backend.tests.test_k9_api_refactor.TestBookingsRouter" name="test_smart_booking_endpoint_exists" time="0.035" /><testcase classname="backend.tests.test_k9_api_refactor.TestBookingsRouter" name="test_list_coupons" time="0.039" /><testcase classname="backend.tests.test_k9_api_refactor.TestBookingsRouter" name="test_list_eligibility_rules" time="0.042" /><testcase classname="backend.tests.test_k9_api_refactor.TestBookingsRouter" name="test_list_waitlist" time="0.038" /><testcase classname="backend.tests.test_k9_api_refactor.TestBookingsRouter" name="test_pending_approval_bookings" time="0.039" /><testcase classname="backend.tests.test_k9_api_refactor.TestOperationsRouter" name="test_daily_summary" time="0.044" /><testcase classname="backend.tests.test_k9_api_refactor.TestOperationsRouter" name="test_dogs_on_site" time="0.037" /><testcase classname="backend.tests.test_k9_api_refactor.TestOperationsRouter" name="test_check_ins_today" time="0.037" /><testcase classname="backend.tests.test_k9_api_refactor.TestOperationsRouter" name="test_check_outs_today" time="0.045" /><testcase classname="backend.tests.test_k9_api_refactor.TestOperationsRouter" name="test_baths_due" time="0.037" /><testcase classname="backend.tests.test_k9_api_refactor.TestNotificationsRouter" name="test_get_notifications" time="0.038" /><testcase classname="backend.tests.test_k9_api_refactor.TestNotificationsRouter" name="test_unread_count" time="0.038" /><testcase classname="backend.tests.test_k9_api_refactor.TestNotificationsRouter" name="test_vapid_key" time="0.050" /><testcase classname="backend.tests.test_k9_api_refactor.TestNotificationsRouter" name="test_push_subscriptions" time="0.039" /><testcase classname="backend.tests.test_k9_api_refactor.TestPaymentsRouter" name="test_payment_config" time="0.036" /><testcase classname="backend.tests.test_k9_api_refactor.TestPaymentsRouter" name="test_get_saved_cards" time="0.036" /><testcase classname="backend.tests.test_k9_api_refactor.TestPortalRouter" name="test_upcoming_bookings" time="0.294" /><testcase classname="backend.tests.test_k9_api_refactor.TestPortalRouter" name="test_service_history" time="0.041" /><testcase classname="backend.tests.test_k9_api_refactor.TestPortalRouter" name="test_invoices" time="0.077" /><testcase classname="backend.tests.test_k9_api_refactor.TestInventoryRouter" name="test_list_products" time="0.042" /><testcase classname="backend.tests.test_k9_api_refactor.TestInventoryRouter" name="test_low_stock_products" time="0.037" /><testcase classname="backend.tests.test_k9_api_refactor.TestInventoryRouter" name="test_pos_daily_sales" time="0.036" /><testcase classname="backend.tests.test_k9_api_refactor.TestCRMRouter" name="test_list_leads" time="0.034" /><testcase classname="backend.tests.test_k9_api_refactor.TestCRMRouter" name="test_retention_metrics" time="0.038" /><testcase classname="backend.tests.test_k9_api_refactor.TestRemindersRouter" name="test_get_preferences" time="0.036" /><testcase classname="backend.tests.test_k9_api_refactor.TestRemindersRouter" name="test_update_preferences" time="0.037" /><testcase classname="backend.tests.test_k9_api_refactor.TestRemindersRouter" name="test_scheduled_reminders" time="0.041" /><testcase classname="backend.tests.test_k9_api_refactor.TestRemindersRouter" name="test_pending_reminders_admin" time="0.038" /><testcase classname="backend.tests.test_k9_api_refactor.TestOldMoegoEndpointsRemoved" name="test_old_moego_kennels_404" time="0.034" /><testcase classname="backend.tests.test_k9_api_refactor.TestOldMoegoEndpointsRemoved" name="test_old_moego_operations_404" time="0.075" /></testsuite></testsuites>