<?xml version="1.0" encoding="utf-8"?><testsuites name="pytest tests"><testsuite name="pytest" errors="0" failures="8" skipped="4" tests="13" time="0.895" timestamp="2026-02-10T18:04:07.435411+00:00" hostname="agent-env-4ca3e64f-654d-41f9-89de-d700889e51d8"><testcase classname="backend.tests.test_moego_phase3_payments_portal.TestPaymentConfig" name="test_get_payment_config_returns_mock_mode" time="0.370" /><testcase classname="backend.tests.test_moego_phase3_payments_portal.TestSavedCards" name="test_save_card_accepts_card_data" time="0.041"><failure message="assert 401 == 200&#10; +  where 401 = &lt;Response [401]&gt;.status_code">backend/tests/test_moego_phase3_payments_portal.py:59: in test_save_card_accepts_card_data
    assert response.status_code == 200
E   assert 401 == 200
E    +  where 401 = &lt;Response [401]&gt;.status_code</failure></testcase><testcase classname="backend.tests.test_moego_phase3_payments_portal.TestSavedCards" name="test_get_cards_returns_user_cards" time="0.037"><failure message="assert 401 == 200&#10; +  where 401 = &lt;Response [401]&gt;.status_code">backend/tests/test_moego_phase3_payments_portal.py:78: in test_get_cards_returns_user_cards
    assert response.status_code == 200
E   assert 401 == 200
E    +  where 401 = &lt;Response [401]&gt;.status_code</failure></testcase><testcase classname="backend.tests.test_moego_phase3_payments_portal.TestSavedCards" name="test_delete_card_removes_card" time="0.041"><failure message="assert 401 == 200&#10; +  where 401 = &lt;Response [401]&gt;.status_code">backend/tests/test_moego_phase3_payments_portal.py:100: in test_delete_card_removes_card
    assert save_response.status_code == 200
E   assert 401 == 200
E    +  where 401 = &lt;Response [401]&gt;.status_code</failure></testcase><testcase classname="backend.tests.test_moego_phase3_payments_portal.TestDepositHold" name="test_create_deposit_hold" time="0.045"><skipped type="pytest.skip" message="Failed to create test card: {&quot;detail&quot;:&quot;Invalid authentication credentials&quot;}">/app/backend/tests/test_moego_phase3_payments_portal.py:117: Failed to create test card: {"detail":"Invalid authentication credentials"}</skipped></testcase><testcase classname="backend.tests.test_moego_phase3_payments_portal.TestCapturePayment" name="test_capture_authorization" time="0.000"><skipped type="pytest.skip" message="Failed to create test card: {&quot;detail&quot;:&quot;Invalid authentication credentials&quot;}">/app/backend/tests/test_moego_phase3_payments_portal.py:146: Failed to create test card: {"detail":"Invalid authentication credentials"}</skipped></testcase><testcase classname="backend.tests.test_moego_phase3_payments_portal.TestDirectCharge" name="test_create_direct_charge" time="0.000"><skipped type="pytest.skip" message="Failed to create test card: {&quot;detail&quot;:&quot;Invalid authentication credentials&quot;}">/app/backend/tests/test_moego_phase3_payments_portal.py:166: Failed to create test card: {"detail":"Invalid authentication credentials"}</skipped></testcase><testcase classname="backend.tests.test_moego_phase3_payments_portal.TestRefund" name="test_refund_payment" time="0.000"><skipped type="pytest.skip" message="Failed to create test card: {&quot;detail&quot;:&quot;Invalid authentication credentials&quot;}">/app/backend/tests/test_moego_phase3_payments_portal.py:195: Failed to create test card: {"detail":"Invalid authentication credentials"}</skipped></testcase><testcase classname="backend.tests.test_moego_phase3_payments_portal.TestCustomerPortal" name="test_get_upcoming_bookings" time="0.035"><failure message="assert 401 == 200&#10; +  where 401 = &lt;Response [401]&gt;.status_code">backend/tests/test_moego_phase3_payments_portal.py:228: in test_get_upcoming_bookings
    assert response.status_code == 200
E   assert 401 == 200
E    +  where 401 = &lt;Response [401]&gt;.status_code</failure></testcase><testcase classname="backend.tests.test_moego_phase3_payments_portal.TestCustomerPortal" name="test_get_service_history" time="0.043"><failure message="assert 401 == 200&#10; +  where 401 = &lt;Response [401]&gt;.status_code">backend/tests/test_moego_phase3_payments_portal.py:244: in test_get_service_history
    assert response.status_code == 200
E   assert 401 == 200
E    +  where 401 = &lt;Response [401]&gt;.status_code</failure></testcase><testcase classname="backend.tests.test_moego_phase3_payments_portal.TestCustomerPortal" name="test_get_invoices" time="0.036"><failure message="assert 401 == 200&#10; +  where 401 = &lt;Response [401]&gt;.status_code">backend/tests/test_moego_phase3_payments_portal.py:260: in test_get_invoices
    assert response.status_code == 200
E   assert 401 == 200
E    +  where 401 = &lt;Response [401]&gt;.status_code</failure></testcase><testcase classname="backend.tests.test_moego_phase3_payments_portal.TestRebook" name="test_rebook_from_history" time="0.076"><failure message="assert 401 == 200&#10; +  where 401 = &lt;Response [401]&gt;.status_code">backend/tests/test_moego_phase3_payments_portal.py:292: in test_rebook_from_history
    assert response.status_code == 200
E   assert 401 == 200
E    +  where 401 = &lt;Response [401]&gt;.status_code</failure></testcase><testcase classname="backend.tests.test_moego_phase3_payments_portal.TestPaymentFlow" name="test_full_payment_flow" time="0.037"><failure message="assert 401 == 200&#10; +  where 401 = &lt;Response [401]&gt;.status_code">backend/tests/test_moego_phase3_payments_portal.py:459: in test_full_payment_flow
    assert card_response.status_code == 200
E   assert 401 == 200
E    +  where 401 = &lt;Response [401]&gt;.status_code</failure></testcase></testsuite></testsuites>