<?xml version="1.0" encoding="utf-8"?><testsuites name="pytest tests"><testsuite name="pytest" errors="0" failures="13" skipped="0" tests="53" time="3.009" timestamp="2026-02-10T04:20:48.415427+00:00" hostname="agent-env-af5c8d84-9b05-45da-95fc-73dda12f0b0c"><testcase classname="tests.test_connecteam_phase1.TestSetup" name="test_login_admin" time="0.432" /><testcase classname="tests.test_connecteam_phase1.TestSetup" name="test_login_staff" time="0.309" /><testcase classname="tests.test_connecteam_phase1.TestGeofencing" name="test_create_geofence" time="0.056" /><testcase classname="tests.test_connecteam_phase1.TestGeofencing" name="test_list_geofences" time="0.043" /><testcase classname="tests.test_connecteam_phase1.TestGeofencing" name="test_geofence_staff_denied" time="0.042" /><testcase classname="tests.test_connecteam_phase1.TestGPSTimeClock" name="test_clock_in_with_gps" time="0.043" /><testcase classname="tests.test_connecteam_phase1.TestGPSTimeClock" name="test_clock_in_already_clocked_in" time="0.038" /><testcase classname="tests.test_connecteam_phase1.TestGPSTimeClock" name="test_get_current_entry" time="0.039" /><testcase classname="tests.test_connecteam_phase1.TestBreakTracking" name="test_start_break" time="0.081" /><testcase classname="tests.test_connecteam_phase1.TestBreakTracking" name="test_start_break_already_on_break" time="0.043" /><testcase classname="tests.test_connecteam_phase1.TestBreakTracking" name="test_end_break" time="0.041" /><testcase classname="tests.test_connecteam_phase1.TestBreakTracking" name="test_list_breaks" time="0.041" /><testcase classname="tests.test_connecteam_phase1.TestClockOut" name="test_clock_out_with_gps" time="0.046" /><testcase classname="tests.test_connecteam_phase1.TestClockOut" name="test_clock_out_no_active_entry" time="0.042" /><testcase classname="tests.test_connecteam_phase1.TestBreakPolicies" name="test_create_break_policy" time="0.042" /><testcase classname="tests.test_connecteam_phase1.TestBreakPolicies" name="test_list_break_policies" time="0.040" /><testcase classname="tests.test_connecteam_phase1.TestOvertimeRules" name="test_create_overtime_rule" time="0.038" /><testcase classname="tests.test_connecteam_phase1.TestOvertimeRules" name="test_list_overtime_rules" time="0.038" /><testcase classname="tests.test_connecteam_phase1.TestPunchRounding" name="test_create_rounding_rule" time="0.038" /><testcase classname="tests.test_connecteam_phase1.TestPunchRounding" name="test_list_rounding_rules" time="0.079" /><testcase classname="tests.test_connecteam_phase1.TestPayPeriods" name="test_create_pay_period" time="0.062" /><testcase classname="tests.test_connecteam_phase1.TestPayPeriods" name="test_list_pay_periods" time="0.037" /><testcase classname="tests.test_connecteam_phase1.TestFormsEngine" name="test_create_form_template" time="0.040" /><testcase classname="tests.test_connecteam_phase1.TestFormsEngine" name="test_list_form_templates" time="0.039" /><testcase classname="tests.test_connecteam_phase1.TestFormsEngine" name="test_get_form_template" time="0.040" /><testcase classname="tests.test_connecteam_phase1.TestFormsEngine" name="test_submit_form_with_signature_and_gps" time="0.075" /><testcase classname="tests.test_connecteam_phase1.TestFormsEngine" name="test_submit_form_missing_required_field" time="0.039" /><testcase classname="tests.test_connecteam_phase1.TestFormsEngine" name="test_list_form_submissions" time="0.042" /><testcase classname="tests.test_connecteam_phase1.TestTaskTemplates" name="test_create_task_template" time="0.062" /><testcase classname="tests.test_connecteam_phase1.TestTaskTemplates" name="test_list_task_templates" time="0.041" /><testcase classname="tests.test_connecteam_phase1.TestTimeOffPolicies" name="test_create_time_off_policy" time="0.039"><failure message="AssertionError: Create time off policy failed: {&quot;detail&quot;:[{&quot;type&quot;:&quot;missing&quot;,&quot;loc&quot;:[&quot;body&quot;,&quot;time_off_type&quot;],&quot;msg&quot;:&quot;Field required&quot;,&quot;input&quot;:{&quot;name&quot;:&quot;TEST_PTO Policy&quot;,&quot;policy_type&quot;:&quot;pto&quot;,&quot;accrual_rate&quot;:1.25,&quot;accrual_frequency&quot;:&quot;per_pay_period&quot;,&quot;max_balance&quot;:120.0,&quot;max_carryover&quot;:40.0,&quot;waiting_period_days&quot;:90,&quot;min_increment_hours&quot;:1.0,&quot;requires_approval&quot;:true,&quot;advance_notice_days&quot;:14,&quot;is_active&quot;:true,&quot;description&quot;:&quot;Standard PTO policy for testing&quot;},&quot;url&quot;:&quot;https://errors.pydantic.dev/2.12/v/missing&quot;}]}&#10;assert 422 == 200&#10; +  where 422 = &lt;Response [422]&gt;.status_code">tests/test_connecteam_phase1.py:679: in test_create_time_off_policy
    assert response.status_code == 200, f"Create time off policy failed: {response.text}"
E   AssertionError: Create time off policy failed: {"detail":[{"type":"missing","loc":["body","time_off_type"],"msg":"Field required","input":{"name":"TEST_PTO Policy","policy_type":"pto","accrual_rate":1.25,"accrual_frequency":"per_pay_period","max_balance":120.0,"max_carryover":40.0,"waiting_period_days":90,"min_increment_hours":1.0,"requires_approval":true,"advance_notice_days":14,"is_active":true,"description":"Standard PTO policy for testing"},"url":"https://errors.pydantic.dev/2.12/v/missing"}]}
E   assert 422 == 200
E    +  where 422 = &lt;Response [422]&gt;.status_code</failure></testcase><testcase classname="tests.test_connecteam_phase1.TestTimeOffPolicies" name="test_list_time_off_policies" time="0.037" /><testcase classname="tests.test_connecteam_phase1.TestTimeOffBalances" name="test_adjust_balance" time="0.000"><failure message="KeyError: 'time_off_policy_id'">tests/test_connecteam_phase1.py:709: in test_adjust_balance
    "policy_id": test_data['time_off_policy_id'],
                 ^^^^^^^^^^^^^^^^^^^^^^^^^^^^^^^
E   KeyError: 'time_off_policy_id'</failure></testcase><testcase classname="tests.test_connecteam_phase1.TestTimeOffBalances" name="test_get_balances" time="0.040" /><testcase classname="tests.test_connecteam_phase1.TestTimeOffRequests" name="test_create_time_off_request" time="0.000"><failure message="KeyError: 'time_off_policy_id'">tests/test_connecteam_phase1.py:745: in test_create_time_off_request
    "policy_id": test_data['time_off_policy_id'],
                 ^^^^^^^^^^^^^^^^^^^^^^^^^^^^^^^
E   KeyError: 'time_off_policy_id'</failure></testcase><testcase classname="tests.test_connecteam_phase1.TestTimeOffRequests" name="test_list_time_off_requests" time="0.040" /><testcase classname="tests.test_connecteam_phase1.TestTimeOffRequests" name="test_approve_time_off_request" time="0.000"><failure message="KeyError: 'time_off_request_id'">tests/test_connecteam_phase1.py:775: in test_approve_time_off_request
    f"{BASE_URL}/api/hr/time-off-requests/{test_data['time_off_request_id']}/approve",
                                           ^^^^^^^^^^^^^^^^^^^^^^^^^^^^^^^^
E   KeyError: 'time_off_request_id'</failure></testcase><testcase classname="tests.test_connecteam_phase1.TestAnnouncements" name="test_create_announcement" time="0.037"><failure message="KeyError: 'require_acknowledgement'">tests/test_connecteam_phase1.py:808: in test_create_announcement
    assert data['require_acknowledgement'] == True
           ^^^^^^^^^^^^^^^^^^^^^^^^^^^^^^^
E   KeyError: 'require_acknowledgement'</failure></testcase><testcase classname="tests.test_connecteam_phase1.TestAnnouncements" name="test_list_announcements" time="0.038" /><testcase classname="tests.test_connecteam_phase1.TestAnnouncements" name="test_acknowledge_announcement" time="0.000"><failure message="KeyError: 'announcement_id'">tests/test_connecteam_phase1.py:826: in test_acknowledge_announcement
    f"{BASE_URL}/api/comms/announcements/{test_data['announcement_id']}/acknowledge",
                                          ^^^^^^^^^^^^^^^^^^^^^^^^^^^^
E   KeyError: 'announcement_id'</failure></testcase><testcase classname="tests.test_connecteam_phase1.TestTrainingCourses" name="test_create_course" time="0.042"><failure message="KeyError: 'is_required'">tests/test_connecteam_phase1.py:874: in test_create_course
    assert data['is_required'] == True
           ^^^^^^^^^^^^^^^^^^^
E   KeyError: 'is_required'</failure></testcase><testcase classname="tests.test_connecteam_phase1.TestTrainingCourses" name="test_list_courses" time="0.038" /><testcase classname="tests.test_connecteam_phase1.TestTrainingCourses" name="test_start_course" time="0.000"><failure message="KeyError: 'course_id'">tests/test_connecteam_phase1.py:892: in test_start_course
    f"{BASE_URL}/api/comms/courses/{test_data['course_id']}/start",
                                    ^^^^^^^^^^^^^^^^^^^^^^
E   KeyError: 'course_id'</failure></testcase><testcase classname="tests.test_connecteam_phase1.TestTrainingCourses" name="test_complete_section" time="0.000"><failure message="KeyError: 'course_id'">tests/test_connecteam_phase1.py:907: in test_complete_section
    f"{BASE_URL}/api/comms/courses/{test_data['course_id']}/complete-section",
                                    ^^^^^^^^^^^^^^^^^^^^^^
E   KeyError: 'course_id'</failure></testcase><testcase classname="tests.test_connecteam_phase1.TestQuizzes" name="test_create_quiz" time="0.000"><failure message="KeyError: 'course_id'">tests/test_connecteam_phase1.py:929: in test_create_quiz
    "course_id": test_data['course_id'],
                 ^^^^^^^^^^^^^^^^^^^^^^
E   KeyError: 'course_id'</failure></testcase><testcase classname="tests.test_connecteam_phase1.TestQuizzes" name="test_list_quizzes" time="0.038"><failure message="AssertionError: List quizzes failed: {&quot;detail&quot;:&quot;Method Not Allowed&quot;}&#10;assert 405 == 200&#10; +  where 405 = &lt;Response [405]&gt;.status_code">tests/test_connecteam_phase1.py:971: in test_list_quizzes
    assert response.status_code == 200, f"List quizzes failed: {response.text}"
E   AssertionError: List quizzes failed: {"detail":"Method Not Allowed"}
E   assert 405 == 200
E    +  where 405 = &lt;Response [405]&gt;.status_code</failure></testcase><testcase classname="tests.test_connecteam_phase1.TestKnowledgeBase" name="test_create_article" time="0.052"><failure message="KeyError: 'is_published'">tests/test_connecteam_phase1.py:997: in test_create_article
    assert data['is_published'] == True
           ^^^^^^^^^^^^^^^^^^^^
E   KeyError: 'is_published'</failure></testcase><testcase classname="tests.test_connecteam_phase1.TestKnowledgeBase" name="test_list_articles" time="0.042" /><testcase classname="tests.test_connecteam_phase1.TestKnowledgeBase" name="test_search_articles" time="0.039" /><testcase classname="tests.test_connecteam_phase1.TestTimeEntriesList" name="test_list_time_entries" time="0.040" /><testcase classname="tests.test_connecteam_phase1.TestAuthorization" name="test_unauthenticated_access_denied" time="0.038" /><testcase classname="tests.test_connecteam_phase1.TestAuthorization" name="test_staff_cannot_create_overtime_rules" time="0.039" /><testcase classname="tests.test_connecteam_phase1.TestAuthorization" name="test_staff_cannot_create_time_off_policy" time="0.077"><failure message="AssertionError: Staff should be denied: {&quot;detail&quot;:[{&quot;type&quot;:&quot;missing&quot;,&quot;loc&quot;:[&quot;body&quot;,&quot;time_off_type&quot;],&quot;msg&quot;:&quot;Field required&quot;,&quot;input&quot;:{&quot;name&quot;:&quot;Unauthorized Policy&quot;,&quot;policy_type&quot;:&quot;pto&quot;},&quot;url&quot;:&quot;https://errors.pydantic.dev/2.12/v/missing&quot;}]}&#10;assert 422 == 403&#10; +  where 422 = &lt;Response [422]&gt;.status_code">tests/test_connecteam_phase1.py:1072: in test_staff_cannot_create_time_off_policy
    assert response.status_code == 403, f"Staff should be denied: {response.text}"
E   AssertionError: Staff should be denied: {"detail":[{"type":"missing","loc":["body","time_off_type"],"msg":"Field required","input":{"name":"Unauthorized Policy","policy_type":"pto"},"url":"https://errors.pydantic.dev/2.12/v/missing"}]}
E   assert 422 == 403
E    +  where 422 = &lt;Response [422]&gt;.status_code</failure></testcase></testsuite></testsuites>