<?xml version="1.0" encoding="utf-8"?><testsuites name="pytest tests"><testsuite name="pytest" errors="0" failures="0" skipped="0" tests="18" time="51.743" timestamp="2026-02-10T23:48:28.479672+00:00" hostname="agent-env-846ed812-d474-4ad5-b2d3-8d4d5022a98b"><testcase classname="backend.tests.test_k9_new_features_iter17.TestK9NewFeatures" name="test_01_create_customer_for_testing" time="0.540" /><testcase classname="backend.tests.test_k9_new_features_iter17.TestK9NewFeatures" name="test_02_login_as_test_customer" time="0.553" /><testcase classname="backend.tests.test_k9_new_features_iter17.TestK9NewFeatures" name="test_03_create_dog_for_customer" time="0.295" /><testcase classname="backend.tests.test_k9_new_features_iter17.TestK9NewFeatures" name="test_04_meet_greet_requirement_blocks_stay_booking" time="0.336" /><testcase classname="backend.tests.test_k9_new_features_iter17.TestK9NewFeatures" name="test_05_meet_greet_requirement_blocks_daycare_booking" time="0.342" /><testcase classname="backend.tests.test_k9_new_features_iter17.TestK9NewFeatures" name="test_06_customer_can_book_meet_greet" time="0.343" /><testcase classname="backend.tests.test_k9_new_features_iter17.TestK9NewFeatures" name="test_07_admin_can_override_meet_greet_requirement" time="0.333" /><testcase classname="backend.tests.test_k9_new_features_iter17.TestK9NewFeatures" name="test_08_admin_can_create_booking_with_cash_payment" time="0.338" /><testcase classname="backend.tests.test_k9_new_features_iter17.TestK9NewFeatures" name="test_09_admin_can_create_booking_with_invoice_payment" time="0.330" /><testcase classname="backend.tests.test_k9_new_features_iter17.TestK9NewFeatures" name="test_10_csv_export_bookings" time="0.306" /><testcase classname="backend.tests.test_k9_new_features_iter17.TestK9NewFeatures" name="test_11_csv_export_customers" time="36.043" /><testcase classname="backend.tests.test_k9_new_features_iter17.TestK9NewFeatures" name="test_12_csv_export_requires_admin" time="0.297" /><testcase classname="backend.tests.test_k9_new_features_iter17.TestK9NewFeatures" name="test_13_email_outbox_accessible" time="0.297" /><testcase classname="backend.tests.test_k9_new_features_iter17.TestK9NewFeatures" name="test_14_customer_registration_sends_welcome_email" time="2.596" /><testcase classname="backend.tests.test_k9_new_features_iter17.TestK9NewFeatures" name="test_15_staff_approval_sends_welcome_email" time="7.815" /><testcase classname="backend.tests.test_k9_new_features_iter17.TestK9NewFeatures" name="test_16_booking_response_includes_booking_type" time="0.324" /><testcase classname="backend.tests.test_k9_new_features_iter17.TestK9NewFeatures" name="test_17_booking_response_includes_payment_type" time="0.300" /><testcase classname="backend.tests.test_k9_new_features_iter17.TestEmailTemplates" name="test_get_email_templates" time="0.301" /></testsuite></testsuites>