<?xml version="1.0" encoding="utf-8"?><testsuites name="pytest tests"><testsuite name="pytest" errors="0" failures="6" skipped="0" tests="53" time="3.127" timestamp="2026-02-10T04:22:26.074398+00:00" hostname="agent-env-af5c8d84-9b05-45da-95fc-73dda12f0b0c"><testcase classname="tests.test_connecteam_phase1.TestSetup" name="test_login_admin" time="0.440" /><testcase classname="tests.test_connecteam_phase1.TestSetup" name="test_login_staff" time="0.306" /><testcase classname="tests.test_connecteam_phase1.TestGeofencing" name="test_create_geofence" time="0.040" /><testcase classname="tests.test_connecteam_phase1.TestGeofencing" name="test_list_geofences" time="0.044" /><testcase classname="tests.test_connecteam_phase1.TestGeofencing" name="test_geofence_staff_denied" time="0.036" /><testcase classname="tests.test_connecteam_phase1.TestGPSTimeClock" name="test_clock_in_with_gps" time="0.084" /><testcase classname="tests.test_connecteam_phase1.TestGPSTimeClock" name="test_clock_in_already_clocked_in" time="0.040" /><testcase classname="tests.test_connecteam_phase1.TestGPSTimeClock" name="test_get_current_entry" time="0.043" /><testcase classname="tests.test_connecteam_phase1.TestBreakTracking" name="test_start_break" time="0.047" /><testcase classname="tests.test_connecteam_phase1.TestBreakTracking" name="test_start_break_already_on_break" time="0.041" /><testcase classname="tests.test_connecteam_phase1.TestBreakTracking" name="test_end_break" time="0.082" /><testcase classname="tests.test_connecteam_phase1.TestBreakTracking" name="test_list_breaks" time="0.041" /><testcase classname="tests.test_connecteam_phase1.TestClockOut" name="test_clock_out_with_gps" time="0.041" /><testcase classname="tests.test_connecteam_phase1.TestClockOut" name="test_clock_out_no_active_entry" time="0.043" /><testcase classname="tests.test_connecteam_phase1.TestBreakPolicies" name="test_create_break_policy" time="0.039" /><testcase classname="tests.test_connecteam_phase1.TestBreakPolicies" name="test_list_break_policies" time="0.045" /><testcase classname="tests.test_connecteam_phase1.TestOvertimeRules" name="test_create_overtime_rule" time="0.078" /><testcase classname="tests.test_connecteam_phase1.TestOvertimeRules" name="test_list_overtime_rules" time="0.040" /><testcase classname="tests.test_connecteam_phase1.TestPunchRounding" name="test_create_rounding_rule" time="0.042" /><testcase classname="tests.test_connecteam_phase1.TestPunchRounding" name="test_list_rounding_rules" time="0.047" /><testcase classname="tests.test_connecteam_phase1.TestPayPeriods" name="test_create_pay_period" time="0.039" /><testcase classname="tests.test_connecteam_phase1.TestPayPeriods" name="test_list_pay_periods" time="0.038" /><testcase classname="tests.test_connecteam_phase1.TestFormsEngine" name="test_create_form_template" time="0.041" /><testcase classname="tests.test_connecteam_phase1.TestFormsEngine" name="test_list_form_templates" time="0.037" /><testcase classname="tests.test_connecteam_phase1.TestFormsEngine" name="test_get_form_template" time="0.035" /><testcase classname="tests.test_connecteam_phase1.TestFormsEngine" name="test_submit_form_with_signature_and_gps" time="0.079" /><testcase classname="tests.test_connecteam_phase1.TestFormsEngine" name="test_submit_form_missing_required_field" time="0.038" /><testcase classname="tests.test_connecteam_phase1.TestFormsEngine" name="test_list_form_submissions" time="0.040" /><testcase classname="tests.test_connecteam_phase1.TestTaskTemplates" name="test_create_task_template" time="0.042" /><testcase classname="tests.test_connecteam_phase1.TestTaskTemplates" name="test_list_task_templates" time="0.040" /><testcase classname="tests.test_connecteam_phase1.TestTimeOffPolicies" name="test_create_time_off_policy" time="0.037" /><testcase classname="tests.test_connecteam_phase1.TestTimeOffPolicies" name="test_list_time_off_policies" time="0.039" /><testcase classname="tests.test_connecteam_phase1.TestTimeOffBalances" name="test_adjust_balance" time="0.038"><failure message="KeyError: 'current_balance'">tests/test_connecteam_phase1.py:718: in test_adjust_balance
    assert data['current_balance'] == 40.0
           ^^^^^^^^^^^^^^^^^^^^^^^
E   KeyError: 'current_balance'</failure></testcase><testcase classname="tests.test_connecteam_phase1.TestTimeOffBalances" name="test_get_balances" time="0.036" /><testcase classname="tests.test_connecteam_phase1.TestTimeOffRequests" name="test_create_time_off_request" time="0.038"><failure message="AssertionError: Create time off request failed: Internal Server Error&#10;assert 520 == 200&#10; +  where 520 = &lt;Response [520]&gt;.status_code">tests/test_connecteam_phase1.py:753: in test_create_time_off_request
    assert response.status_code == 200, f"Create time off request failed: {response.text}"
E   AssertionError: Create time off request failed: Internal Server Error
E   assert 520 == 200
E    +  where 520 = &lt;Response [520]&gt;.status_code</failure></testcase><testcase classname="tests.test_connecteam_phase1.TestTimeOffRequests" name="test_list_time_off_requests" time="0.037" /><testcase classname="tests.test_connecteam_phase1.TestTimeOffRequests" name="test_approve_time_off_request" time="0.000"><failure message="KeyError: 'time_off_request_id'">tests/test_connecteam_phase1.py:775: in test_approve_time_off_request
    f"{BASE_URL}/api/hr/time-off-requests/{test_data['time_off_request_id']}/approve",
                                           ^^^^^^^^^^^^^^^^^^^^^^^^^^^^^^^^
E   KeyError: 'time_off_request_id'</failure></testcase><testcase classname="tests.test_connecteam_phase1.TestAnnouncements" name="test_create_announcement" time="0.037" /><testcase classname="tests.test_connecteam_phase1.TestAnnouncements" name="test_list_announcements" time="0.039" /><testcase classname="tests.test_connecteam_phase1.TestAnnouncements" name="test_acknowledge_announcement" time="0.044"><failure message="AssertionError: assert '80fea37f-b8d5-43f6-870f-264a694588b9' in []&#10; +  where [] = &lt;built-in method get of dict object at 0xfabfa7f30040&gt;('acknowledged_by', [])&#10; +    where &lt;built-in method get of dict object at 0xfabfa7f30040&gt; = {'acknowledged_at': '2026-02-10T04:22:28.626659+00:00', 'message': 'Announcement acknowledged'}.get">tests/test_connecteam_phase1.py:832: in test_acknowledge_announcement
    assert test_data['staff_id'] in data.get('acknowledged_by', [])
E   AssertionError: assert '80fea37f-b8d5-43f6-870f-264a694588b9' in []
E    +  where [] = &lt;built-in method get of dict object at 0xfabfa7f30040&gt;('acknowledged_by', [])
E    +    where &lt;built-in method get of dict object at 0xfabfa7f30040&gt; = {'acknowledged_at': '2026-02-10T04:22:28.626659+00:00', 'message': 'Announcement acknowledged'}.get</failure></testcase><testcase classname="tests.test_connecteam_phase1.TestTrainingCourses" name="test_create_course" time="0.040" /><testcase classname="tests.test_connecteam_phase1.TestTrainingCourses" name="test_list_courses" time="0.041" /><testcase classname="tests.test_connecteam_phase1.TestTrainingCourses" name="test_start_course" time="0.039"><failure message="KeyError: 'course_id'">tests/test_connecteam_phase1.py:898: in test_start_course
    assert data['course_id'] == test_data['course_id']
           ^^^^^^^^^^^^^^^^^
E   KeyError: 'course_id'</failure></testcase><testcase classname="tests.test_connecteam_phase1.TestTrainingCourses" name="test_complete_section" time="0.040"><failure message="AssertionError: assert 'sec1' in []&#10; +  where [] = &lt;built-in method get of dict object at 0xfabfa7cfd080&gt;('completed_sections', [])&#10; +    where &lt;built-in method get of dict object at 0xfabfa7cfd080&gt; = {'message': 'Section completed', 'progress_percentage': 50.0, 'status': 'in_progress'}.get">tests/test_connecteam_phase1.py:914: in test_complete_section
    assert "sec1" in data.get('completed_sections', [])
E   AssertionError: assert 'sec1' in []
E    +  where [] = &lt;built-in method get of dict object at 0xfabfa7cfd080&gt;('completed_sections', [])
E    +    where &lt;built-in method get of dict object at 0xfabfa7cfd080&gt; = {'message': 'Section completed', 'progress_percentage': 50.0, 'status': 'in_progress'}.get</failure></testcase><testcase classname="tests.test_connecteam_phase1.TestQuizzes" name="test_create_quiz" time="0.060" /><testcase classname="tests.test_connecteam_phase1.TestQuizzes" name="test_get_quiz" time="0.036" /><testcase classname="tests.test_connecteam_phase1.TestKnowledgeBase" name="test_create_article" time="0.041" /><testcase classname="tests.test_connecteam_phase1.TestKnowledgeBase" name="test_list_articles" time="0.041" /><testcase classname="tests.test_connecteam_phase1.TestKnowledgeBase" name="test_search_articles" time="0.045" /><testcase classname="tests.test_connecteam_phase1.TestTimeEntriesList" name="test_list_time_entries" time="0.037" /><testcase classname="tests.test_connecteam_phase1.TestAuthorization" name="test_unauthenticated_access_denied" time="0.036" /><testcase classname="tests.test_connecteam_phase1.TestAuthorization" name="test_staff_cannot_create_overtime_rules" time="0.039" /><testcase classname="tests.test_connecteam_phase1.TestAuthorization" name="test_staff_cannot_create_time_off_policy" time="0.037" /></testsuite></testsuites>