<?xml version="1.0" encoding="utf-8"?><testsuites name="pytest tests"><testsuite name="pytest" errors="0" failures="0" skipped="0" tests="25" time="8.318" timestamp="2026-01-28T23:38:49.623307+00:00" hostname="agent-env-b1e2b001-0af7-4498-960a-7f6a31ba5ddc"><testcase classname="backend.tests.test_api.TestHealthAndAuth" name="test_register_customer" time="0.293" /><testcase classname="backend.tests.test_api.TestHealthAndAuth" name="test_register_admin" time="0.289" /><testcase classname="backend.tests.test_api.TestHealthAndAuth" name="test_register_staff" time="0.272" /><testcase classname="backend.tests.test_api.TestHealthAndAuth" name="test_login_customer" time="0.316" /><testcase classname="backend.tests.test_api.TestHealthAndAuth" name="test_get_me" time="0.364" /><testcase classname="backend.tests.test_api.TestLocations" name="test_get_locations" time="0.049" /><testcase classname="backend.tests.test_api.TestLocations" name="test_check_availability" time="0.092" /><testcase classname="backend.tests.test_api.TestDogs" name="test_create_dog" time="0.336" /><testcase classname="backend.tests.test_api.TestDogs" name="test_get_dogs" time="0.346" /><testcase classname="backend.tests.test_api.TestBookings" name="test_create_booking" time="0.428" /><testcase classname="backend.tests.test_api.TestBookings" name="test_booking_with_separate_playtime_pricing" time="0.425" /><testcase classname="backend.tests.test_api.TestBookings" name="test_get_bookings" time="0.414" /><testcase classname="backend.tests.test_api.TestAdminBookings" name="test_admin_get_all_bookings" time="0.297" /><testcase classname="backend.tests.test_api.TestAdminBookings" name="test_admin_update_booking_status" time="0.338" /><testcase classname="backend.tests.test_api.TestTasks" name="test_create_task" time="0.342" /><testcase classname="backend.tests.test_api.TestTasks" name="test_get_tasks" time="0.302" /><testcase classname="backend.tests.test_api.TestTasks" name="test_complete_task" time="0.432" /><testcase classname="backend.tests.test_api.TestTasks" name="test_delete_task" time="0.375" /><testcase classname="backend.tests.test_api.TestTasks" name="test_staff_cannot_delete_task" time="0.373" /><testcase classname="backend.tests.test_api.TestAdminUserManagement" name="test_get_all_users" time="0.315" /><testcase classname="backend.tests.test_api.TestAdminUserManagement" name="test_get_customers_only" time="0.324" /><testcase classname="backend.tests.test_api.TestAdminUserManagement" name="test_toggle_user_status" time="0.608" /><testcase classname="backend.tests.test_api.TestAdminUserManagement" name="test_non_admin_cannot_access_user_management" time="0.297" /><testcase classname="backend.tests.test_api.TestDashboardStats" name="test_admin_dashboard_stats" time="0.311" /><testcase classname="backend.tests.test_api.TestDashboardStats" name="test_customer_dashboard_stats" time="0.305" /></testsuite></testsuites>