<?xml version="1.0" encoding="utf-8"?><testsuites name="pytest tests"><testsuite name="pytest" errors="0" failures="0" skipped="0" tests="9" time="3.897" timestamp="2026-02-10T23:33:11.207962+00:00" hostname="agent-env-846ed812-d474-4ad5-b2d3-8d4d5022a98b"><testcase classname="backend.tests.test_k9_bugfixes_features.TestAdminCreateBooking" name="test_admin_create_booking_endpoint_exists" time="0.642" /><testcase classname="backend.tests.test_k9_bugfixes_features.TestAdminEditTask" name="test_create_and_edit_task" time="0.482" /><testcase classname="backend.tests.test_k9_bugfixes_features.TestAdminModifyIncident" name="test_create_and_modify_incident" time="0.496" /><testcase classname="backend.tests.test_k9_bugfixes_features.TestSystemSettings" name="test_get_admin_settings" time="0.397" /><testcase classname="backend.tests.test_k9_bugfixes_features.TestSystemSettings" name="test_update_setting" time="0.035" /><testcase classname="backend.tests.test_k9_bugfixes_features.TestTimeOffRequests" name="test_get_time_off_requests_admin" time="0.365" /><testcase classname="backend.tests.test_k9_bugfixes_features.TestScheduleEndpoints" name="test_get_schedules_admin" time="0.372" /><testcase classname="backend.tests.test_k9_bugfixes_features.TestCustomerFormFields" name="test_create_customer_with_address_fields" time="0.587" /><testcase classname="backend.tests.test_k9_bugfixes_features.TestBookingModalFix" name="test_regular_booking_endpoint_rejects_admin" time="0.470" /></testsuite></testsuites>