<?xml version="1.0" encoding="utf-8"?><testsuites name="pytest tests"><testsuite name="pytest" errors="0" failures="0" skipped="0" tests="14" time="5.473" timestamp="2026-02-10T23:58:49.020794+00:00" hostname="agent-env-846ed812-d474-4ad5-b2d3-8d4d5022a98b"><testcase classname="backend.tests.test_k9_final_iter18.TestCSVExports" name="test_bookings_csv_export_admin" time="0.648" /><testcase classname="backend.tests.test_k9_final_iter18.TestCSVExports" name="test_customers_csv_export_admin" time="0.563" /><testcase classname="backend.tests.test_k9_final_iter18.TestCSVExports" name="test_bookings_csv_export_customer_forbidden" time="0.595" /><testcase classname="backend.tests.test_k9_final_iter18.TestCSVExports" name="test_customers_csv_export_customer_forbidden" time="0.558" /><testcase classname="backend.tests.test_k9_final_iter18.TestBookingTypes" name="test_booking_types_available" time="0.333" /><testcase classname="backend.tests.test_k9_final_iter18.TestBookingTypes" name="test_meet_greet_booking_type_in_csv" time="0.346" /><testcase classname="backend.tests.test_k9_final_iter18.TestPaymentTypes" name="test_cash_payment_type_in_bookings" time="0.299" /><testcase classname="backend.tests.test_k9_final_iter18.TestAdminSettings" name="test_admin_settings_endpoint" time="0.292" /><testcase classname="backend.tests.test_k9_final_iter18.TestAdminSettings" name="test_pricing_rules_endpoint" time="0.287" /><testcase classname="backend.tests.test_k9_final_iter18.TestCustomerDashboard" name="test_customer_can_get_bookings" time="0.290" /><testcase classname="backend.tests.test_k9_final_iter18.TestCustomerDashboard" name="test_customer_can_get_dogs" time="0.290" /><testcase classname="backend.tests.test_k9_final_iter18.TestCustomerDashboard" name="test_customer_dashboard_stats" time="0.292" /><testcase classname="backend.tests.test_k9_final_iter18.TestServiceTypes" name="test_service_types_endpoint" time="0.316" /><testcase classname="backend.tests.test_k9_final_iter18.TestLocations" name="test_locations_endpoint" time="0.294" /></testsuite></testsuites>