<?xml version="1.0" encoding="utf-8"?><testsuites name="pytest tests"><testsuite name="pytest" errors="0" failures="0" skipped="0" tests="15" time="4.198" timestamp="2026-02-10T20:11:38.767905+00:00" hostname="agent-env-04aa737a-68fb-4f0c-9251-5972ff3a28ef"><testcase classname="backend.tests.test_auto_reminders.TestAutoReminders" name="test_get_reminder_preferences_customer" time="0.338" /><testcase classname="backend.tests.test_auto_reminders.TestAutoReminders" name="test_get_reminder_preferences_admin" time="0.273" /><testcase classname="backend.tests.test_auto_reminders.TestAutoReminders" name="test_update_reminder_preferences_single_field" time="0.341" /><testcase classname="backend.tests.test_auto_reminders.TestAutoReminders" name="test_update_reminder_preferences_multiple_fields" time="0.269" /><testcase classname="backend.tests.test_auto_reminders.TestAutoReminders" name="test_update_reminder_preferences_unauthorized" time="0.041" /><testcase classname="backend.tests.test_auto_reminders.TestAutoReminders" name="test_get_scheduled_reminders_customer" time="0.276" /><testcase classname="backend.tests.test_auto_reminders.TestAutoReminders" name="test_get_scheduled_reminders_with_booking_filter" time="0.311" /><testcase classname="backend.tests.test_auto_reminders.TestAutoReminders" name="test_process_due_reminders_admin" time="0.272" /><testcase classname="backend.tests.test_auto_reminders.TestAutoReminders" name="test_process_due_reminders_customer_forbidden" time="0.269" /><testcase classname="backend.tests.test_auto_reminders.TestAutoReminders" name="test_get_pending_reminders_admin" time="0.268" /><testcase classname="backend.tests.test_auto_reminders.TestAutoReminders" name="test_get_pending_reminders_customer_forbidden" time="0.268" /><testcase classname="backend.tests.test_auto_reminders.TestAutoReminders" name="test_schedule_reminders_nonexistent_booking" time="0.273" /><testcase classname="backend.tests.test_auto_reminders.TestAutoReminders" name="test_cancel_reminders_nonexistent_booking" time="0.263" /><testcase classname="backend.tests.test_auto_reminders.TestReminderIntegration" name="test_reminder_preferences_persistence" time="0.275" /><testcase classname="backend.tests.test_auto_reminders.TestReminderIntegration" name="test_full_reminder_workflow" time="0.382" /></testsuite></testsuites>