<?xml version="1.0" encoding="utf-8"?><testsuites name="pytest tests"><testsuite name="pytest" errors="0" failures="0" skipped="0" tests="28" time="4.874" timestamp="2026-02-10T12:44:01.720495+00:00" hostname="agent-env-61acaf77-01bc-49e9-8385-303a9d769b33"><testcase classname="backend.tests.test_phase2_timeclock_scheduling.TestAuth" name="test_staff_login" time="0.328" /><testcase classname="backend.tests.test_phase2_timeclock_scheduling.TestAuth" name="test_admin_login" time="0.263" /><testcase classname="backend.tests.test_phase2_timeclock_scheduling.TestTimeClockEntries" name="test_get_current_entry" time="0.335" /><testcase classname="backend.tests.test_phase2_timeclock_scheduling.TestTimeClockEntries" name="test_list_time_entries" time="0.035" /><testcase classname="backend.tests.test_phase2_timeclock_scheduling.TestTimeClockEntries" name="test_clock_in_with_gps" time="0.164" /><testcase classname="backend.tests.test_phase2_timeclock_scheduling.TestTimeClockEntries" name="test_clock_out_with_gps" time="0.118" /><testcase classname="backend.tests.test_phase2_timeclock_scheduling.TestBreaks" name="test_start_break" time="0.454" /><testcase classname="backend.tests.test_phase2_timeclock_scheduling.TestBreaks" name="test_end_break" time="0.084" /><testcase classname="backend.tests.test_phase2_timeclock_scheduling.TestBreaks" name="test_list_breaks" time="0.070" /><testcase classname="backend.tests.test_phase2_timeclock_scheduling.TestScheduling" name="test_list_shifts" time="0.292" /><testcase classname="backend.tests.test_phase2_timeclock_scheduling.TestScheduling" name="test_create_shift_admin" time="0.603" /><testcase classname="backend.tests.test_phase2_timeclock_scheduling.TestScheduling" name="test_create_shift_staff_denied" time="0.076" /><testcase classname="backend.tests.test_phase2_timeclock_scheduling.TestScheduling" name="test_list_swap_requests" time="0.038" /><testcase classname="backend.tests.test_phase2_timeclock_scheduling.TestShiftTemplates" name="test_list_templates" time="0.298" /><testcase classname="backend.tests.test_phase2_timeclock_scheduling.TestShiftTemplates" name="test_create_template" time="0.035" /><testcase classname="backend.tests.test_phase2_timeclock_scheduling.TestPayPeriods" name="test_list_pay_periods" time="0.292" /><testcase classname="backend.tests.test_phase2_timeclock_scheduling.TestPayPeriods" name="test_create_pay_period" time="0.040" /><testcase classname="backend.tests.test_phase2_timeclock_scheduling.TestPayPeriods" name="test_get_pay_period_summary" time="0.072" /><testcase classname="backend.tests.test_phase2_timeclock_scheduling.TestKioskMode" name="test_list_kiosk_devices" time="0.303" /><testcase classname="backend.tests.test_phase2_timeclock_scheduling.TestKioskMode" name="test_register_kiosk_device" time="0.035" /><testcase classname="backend.tests.test_phase2_timeclock_scheduling.TestKioskMode" name="test_kiosk_status_invalid_code" time="0.035" /><testcase classname="backend.tests.test_phase2_timeclock_scheduling.TestKioskMode" name="test_kiosk_clock_invalid_device" time="0.036" /><testcase classname="backend.tests.test_phase2_timeclock_scheduling.TestReports" name="test_planned_vs_actual_report" time="0.292" /><testcase classname="backend.tests.test_phase2_timeclock_scheduling.TestReports" name="test_discrepancy_report" time="0.037" /><testcase classname="backend.tests.test_phase2_timeclock_scheduling.TestAccessControl" name="test_staff_cannot_access_pay_periods" time="0.292" /><testcase classname="backend.tests.test_phase2_timeclock_scheduling.TestAccessControl" name="test_staff_cannot_access_kiosk_devices" time="0.038" /><testcase classname="backend.tests.test_phase2_timeclock_scheduling.TestAccessControl" name="test_staff_cannot_access_reports" time="0.034" /><testcase classname="backend.tests.test_phase2_timeclock_scheduling.TestAccessControl" name="test_unauthenticated_denied" time="0.034" /></testsuite></testsuites>